This is pdfTeX, Version 3.141592653-2.6-1.40.26 (TeX Live 2024/Homebrew) (preloaded format=pdflatex 2024.3.20)  19 APR 2024 17:49
entering extended mode
 restricted \write18 enabled.
 file:line:error style messages enabled.
 %&-line parsing enabled.
**/Users/root-kawaii/Desktop/order/theso/thesis_writing/thesis.tex
(/Users/root-kawaii/Desktop/order/theso/thesis_writing/thesis.tex
LaTeX2e <2023-11-01> patch level 1
L3 programming layer <2024-02-20>
(./Configuration_Files/PoliMi3i_thesis.cls
Document Class: Configuration_Files/PoliMi3i_thesis 2021/6/30 PoliMi3i thesis submission class
(/opt/homebrew/Cellar/texlive/20240312/share/texmf-dist/tex/latex/base/book.cls
Document Class: book 2023/05/17 v1.4n Standard LaTeX document class
(/opt/homebrew/Cellar/texlive/20240312/share/texmf-dist/tex/latex/base/bk12.clo
File: bk12.clo 2023/05/17 v1.4n Standard LaTeX file (size option)
)
\c@part=\count188
\c@chapter=\count189
\c@section=\count190
\c@subsection=\count191
\c@subsubsection=\count192
\c@paragraph=\count193
\c@subparagraph=\count194
\c@figure=\count195
\c@table=\count196
\abovecaptionskip=\skip48
\belowcaptionskip=\skip49
\bibindent=\dimen140
) (/opt/homebrew/Cellar/texlive/20240312/share/texmf-dist/tex/latex/geometry/geometry.sty
Package: geometry 2020/01/02 v5.9 Page Geometry
 (/opt/homebrew/Cellar/texlive/20240312/share/texmf-dist/tex/latex/graphics/keyval.sty
Package: keyval 2022/05/29 v1.15 key=value parser (DPC)
\KV@toks@=\toks17
) (/opt/homebrew/Cellar/texlive/20240312/share/texmf-dist/tex/generic/iftex/ifvtex.sty
Package: ifvtex 2019/10/25 v1.7 ifvtex legacy package. Use iftex instead.
 (/opt/homebrew/Cellar/texlive/20240312/share/texmf-dist/tex/generic/iftex/iftex.sty
Package: iftex 2022/02/03 v1.0f TeX engine tests
))
\Gm@cnth=\count197
\Gm@cntv=\count198
\c@Gm@tempcnt=\count199
\Gm@bindingoffset=\dimen141
\Gm@wd@mp=\dimen142
\Gm@odd@mp=\dimen143
\Gm@even@mp=\dimen144
\Gm@layoutwidth=\dimen145
\Gm@layoutheight=\dimen146
\Gm@layouthoffset=\dimen147
\Gm@layoutvoffset=\dimen148
\Gm@dimlist=\toks18
) (/opt/homebrew/Cellar/texlive/20240312/share/texmf-dist/tex/latex/caption/caption.sty
Package: caption 2023/08/05 v3.6o Customizing captions (AR)
 (/opt/homebrew/Cellar/texlive/20240312/share/texmf-dist/tex/latex/caption/caption3.sty
Package: caption3 2023/07/31 v2.4d caption3 kernel (AR)
\caption@tempdima=\dimen149
\captionmargin=\dimen150
\caption@leftmargin=\dimen151
\caption@rightmargin=\dimen152
\caption@width=\dimen153
\caption@indent=\dimen154
\caption@parindent=\dimen155
\caption@hangindent=\dimen156
Package caption Info: Standard document class detected.
)
\c@caption@flags=\count266
\c@continuedfloat=\count267
) (/opt/homebrew/Cellar/texlive/20240312/share/texmf-dist/tex/latex/xkeyval/xkeyval.sty
Package: xkeyval 2022/06/16 v2.9 package option processing (HA)
 (/opt/homebrew/Cellar/texlive/20240312/share/texmf-dist/tex/generic/xkeyval/xkeyval.tex (/opt/homebrew/Cellar/texlive/20240312/share/texmf-dist/tex/generic/xkeyval/xkvutils.tex
\XKV@toks=\toks19
\XKV@tempa@toks=\toks20
)
\XKV@depth=\count268
File: xkeyval.tex 2014/12/03 v2.7a key=value parser (HA)
))) (/opt/homebrew/Cellar/texlive/20240312/share/texmf-dist/tex/latex/parskip/parskip.sty
Package: parskip 2021-03-14 v2.0h non-zero parskip adjustments
 (/opt/homebrew/Cellar/texlive/20240312/share/texmf-dist/tex/latex/kvoptions/kvoptions.sty
Package: kvoptions 2022-06-15 v3.15 Key value format for package options (HO)
 (/opt/homebrew/Cellar/texlive/20240312/share/texmf-dist/tex/generic/ltxcmds/ltxcmds.sty
Package: ltxcmds 2023-12-04 v1.26 LaTeX kernel commands for general use (HO)
) (/opt/homebrew/Cellar/texlive/20240312/share/texmf-dist/tex/latex/kvsetkeys/kvsetkeys.sty
Package: kvsetkeys 2022-10-05 v1.19 Key value parser (HO)
)) (/opt/homebrew/Cellar/texlive/20240312/share/texmf-dist/tex/latex/etoolbox/etoolbox.sty
Package: etoolbox 2020/10/05 v2.5k e-TeX tools for LaTeX (JAW)
\etb@tempcnta=\count269
)) (/opt/homebrew/Cellar/texlive/20240312/share/texmf-dist/tex/latex/setspace/setspace.sty
Package: setspace 2022/12/04 v6.7b set line spacing
) (/opt/homebrew/Cellar/texlive/20240312/share/texmf-dist/tex/latex/emptypage/emptypage.sty
Package: emptypage 2010/05/30 v1.2 Suppress page numbers and headings on empty pages
) (/opt/homebrew/Cellar/texlive/20240312/share/texmf-dist/tex/latex/tools/multicol.sty
Package: multicol 2023/03/30 v1.9f multicolumn formatting (FMi)
\c@tracingmulticols=\count270
\mult@box=\box51
\multicol@leftmargin=\dimen157
\c@unbalance=\count271
\c@collectmore=\count272
\doublecol@number=\count273
\multicoltolerance=\count274
\multicolpretolerance=\count275
\full@width=\dimen158
\page@free=\dimen159
\premulticols=\dimen160
\postmulticols=\dimen161
\multicolsep=\skip50
\multicolbaselineskip=\skip51
\partial@page=\box52
\last@line=\box53
\mc@boxedresult=\box54
\maxbalancingoverflow=\dimen162
\mult@rightbox=\box55
\mult@grightbox=\box56
\mult@firstbox=\box57
\mult@gfirstbox=\box58
\@tempa=\box59
\@tempa=\box60
\@tempa=\box61
\@tempa=\box62
\@tempa=\box63
\@tempa=\box64
\@tempa=\box65
\@tempa=\box66
\@tempa=\box67
\@tempa=\box68
\@tempa=\box69
\@tempa=\box70
\@tempa=\box71
\@tempa=\box72
\@tempa=\box73
\@tempa=\box74
\@tempa=\box75
\@tempa=\box76
\@tempa=\box77
\@tempa=\box78
\@tempa=\box79
\@tempa=\box80
\@tempa=\box81
\@tempa=\box82
\@tempa=\box83
\@tempa=\box84
\@tempa=\box85
\@tempa=\box86
\@tempa=\box87
\@tempa=\box88
\@tempa=\box89
\@tempa=\box90
\@tempa=\box91
\@tempa=\box92
\@tempa=\box93
\@tempa=\box94
\c@minrows=\count276
\c@columnbadness=\count277
\c@finalcolumnbadness=\count278
\last@try=\dimen163
\multicolovershoot=\dimen164
\multicolundershoot=\dimen165
\mult@nat@firstbox=\box95
\colbreak@box=\box96
\mc@col@check@num=\count279
) (/opt/homebrew/Cellar/texlive/20240312/share/texmf-dist/tex/latex/titlesec/titlesec.sty
Package: titlesec 2023/10/27 v2.16 Sectioning titles
\ttl@box=\box97
\beforetitleunit=\skip52
\aftertitleunit=\skip53
\ttl@plus=\dimen166
\ttl@minus=\dimen167
\ttl@toksa=\toks21
\titlewidth=\dimen168
\titlewidthlast=\dimen169
\titlewidthfirst=\dimen170
) (/opt/homebrew/Cellar/texlive/20240312/share/texmf-dist/tex/latex/graphics/color.sty
Package: color 2022/01/06 v1.3d Standard LaTeX Color (DPC)
 (/opt/homebrew/Cellar/texlive/20240312/share/texmf-dist/tex/latex/graphics-cfg/color.cfg
File: color.cfg 2016/01/02 v1.6 sample color configuration
)
Package color Info: Driver file: pdftex.def on input line 149.
 (/opt/homebrew/Cellar/texlive/20240312/share/texmf-dist/tex/latex/graphics-def/pdftex.def
File: pdftex.def 2022/09/22 v1.2b Graphics/color driver for pdftex
) (/opt/homebrew/Cellar/texlive/20240312/share/texmf-dist/tex/latex/graphics/mathcolor.ltx)) (/opt/homebrew/Cellar/texlive/20240312/share/texmf-dist/tex/generic/babel/babel.sty
Package: babel 2024/02/07 v24.2 The Babel package
\babel@savecnt=\count280
\U@D=\dimen171
\l@unhyphenated=\language89
 (/opt/homebrew/Cellar/texlive/20240312/share/texmf-dist/tex/generic/babel/txtbabel.def)
\bbl@readstream=\read2
\bbl@dirlevel=\count281
 (/opt/homebrew/Cellar/texlive/20240312/share/texmf-dist/tex/generic/babel-english/english.ldf
Language: english 2017/06/06 v3.3r English support from the babel system
Package babel Info: Hyphen rules for 'canadian' set to \l@english
(babel)             (\language0). Reported on input line 102.
Package babel Info: Hyphen rules for 'australian' set to \l@ukenglish
(babel)             (\language23). Reported on input line 105.
Package babel Info: Hyphen rules for 'newzealand' set to \l@ukenglish
(babel)             (\language23). Reported on input line 108.
)) (/opt/homebrew/Cellar/texlive/20240312/share/texmf-dist/tex/generic/babel/locale/en/babel-english.tex
Package babel Info: Importing font and identification data for english
(babel)             from babel-en.ini. Reported on input line 11.
) (/opt/homebrew/Cellar/texlive/20240312/share/texmf-dist/tex/latex/base/inputenc.sty
Package: inputenc 2021/02/14 v1.3d Input encoding file
\inpenc@prehook=\toks22
\inpenc@posthook=\toks23
) (/opt/homebrew/Cellar/texlive/20240312/share/texmf-dist/tex/latex/base/fontenc.sty
Package: fontenc 2021/04/29 v2.0v Standard LaTeX package
) (/opt/homebrew/Cellar/texlive/20240312/share/texmf-dist/tex/latex/moresize/moresize.sty
Package: moresize 1999/07/26 v1.9 (more font sizes)
) (/opt/homebrew/Cellar/texlive/20240312/share/texmf-dist/tex/latex/graphics/graphicx.sty
Package: graphicx 2021/09/16 v1.2d Enhanced LaTeX Graphics (DPC,SPQR)
 (/opt/homebrew/Cellar/texlive/20240312/share/texmf-dist/tex/latex/graphics/graphics.sty
Package: graphics 2022/03/10 v1.4e Standard LaTeX Graphics (DPC,SPQR)
 (/opt/homebrew/Cellar/texlive/20240312/share/texmf-dist/tex/latex/graphics/trig.sty
Package: trig 2021/08/11 v1.11 sin cos tan (DPC)
) (/opt/homebrew/Cellar/texlive/20240312/share/texmf-dist/tex/latex/graphics-cfg/graphics.cfg
File: graphics.cfg 2016/06/04 v1.11 sample graphics configuration
)
Package graphics Info: Driver file: pdftex.def on input line 107.
)
\Gin@req@height=\dimen172
\Gin@req@width=\dimen173
) (/opt/homebrew/Cellar/texlive/20240312/share/texmf-dist/tex/latex/transparent/transparent.sty
Package: transparent 2022-10-27 v1.5 Transparency with color stacks
 (/opt/homebrew/Cellar/texlive/20240312/share/texmf-dist/tex/latex/transparent/transparent-nometadata.sty
Package: transparent-nometadata 2022-10-27 v1.5 Transparency via pdfTeX's color stack (HO)
 (/opt/homebrew/Cellar/texlive/20240312/share/texmf-dist/tex/latex/auxhook/auxhook.sty
Package: auxhook 2019-12-17 v1.6 Hooks for auxiliary files (HO)
))) (/opt/homebrew/Cellar/texlive/20240312/share/texmf-dist/tex/latex/eso-pic/eso-pic.sty
Package: eso-pic 2023/05/03 v3.0c eso-pic (RN)
\ESO@tempdima=\dimen174
\ESO@tempdimb=\dimen175
) (/opt/homebrew/Cellar/texlive/20240312/share/texmf-dist/tex/latex/subfig/subfig.sty
Package: subfig 2005/06/28 ver: 1.3 subfig package
\c@KVtest=\count282
\sf@farskip=\skip54
\sf@captopadj=\dimen176
\sf@capskip=\skip55
\sf@nearskip=\skip56
\c@subfigure=\count283
\c@subfigure@save=\count284
\c@lofdepth=\count285
\c@subtable=\count286
\c@subtable@save=\count287
\c@lotdepth=\count288
\sf@top=\skip57
\sf@bottom=\skip58
) (/opt/homebrew/Cellar/texlive/20240312/share/texmf-dist/tex/latex/pgf/frontendlayer/tikz.sty (/opt/homebrew/Cellar/texlive/20240312/share/texmf-dist/tex/latex/pgf/basiclayer/pgf.sty (/opt/homebrew/Cellar/texlive/20240312/share/texmf-dist/tex/latex/pgf/utilities/pgfrcs.sty (/opt/homebrew/Cellar/texlive/20240312/share/texmf-dist/tex/generic/pgf/utilities/pgfutil-common.tex
\pgfutil@everybye=\toks24
\pgfutil@tempdima=\dimen177
\pgfutil@tempdimb=\dimen178
) (/opt/homebrew/Cellar/texlive/20240312/share/texmf-dist/tex/generic/pgf/utilities/pgfutil-latex.def
\pgfutil@abb=\box98
) (/opt/homebrew/Cellar/texlive/20240312/share/texmf-dist/tex/generic/pgf/utilities/pgfrcs.code.tex (/opt/homebrew/Cellar/texlive/20240312/share/texmf-dist/tex/generic/pgf/pgf.revision.tex)
Package: pgfrcs 2023-01-15 v3.1.10 (3.1.10)
))
Package: pgf 2023-01-15 v3.1.10 (3.1.10)
 (/opt/homebrew/Cellar/texlive/20240312/share/texmf-dist/tex/latex/pgf/basiclayer/pgfcore.sty (/opt/homebrew/Cellar/texlive/20240312/share/texmf-dist/tex/latex/pgf/systemlayer/pgfsys.sty (/opt/homebrew/Cellar/texlive/20240312/share/texmf-dist/tex/generic/pgf/systemlayer/pgfsys.code.tex
Package: pgfsys 2023-01-15 v3.1.10 (3.1.10)
 (/opt/homebrew/Cellar/texlive/20240312/share/texmf-dist/tex/generic/pgf/utilities/pgfkeys.code.tex
\pgfkeys@pathtoks=\toks25
\pgfkeys@temptoks=\toks26
 (/opt/homebrew/Cellar/texlive/20240312/share/texmf-dist/tex/generic/pgf/utilities/pgfkeyslibraryfiltered.code.tex
\pgfkeys@tmptoks=\toks27
))
\pgf@x=\dimen179
\pgf@y=\dimen180
\pgf@xa=\dimen181
\pgf@ya=\dimen182
\pgf@xb=\dimen183
\pgf@yb=\dimen184
\pgf@xc=\dimen185
\pgf@yc=\dimen186
\pgf@xd=\dimen187
\pgf@yd=\dimen188
\w@pgf@writea=\write3
\r@pgf@reada=\read3
\c@pgf@counta=\count289
\c@pgf@countb=\count290
\c@pgf@countc=\count291
\c@pgf@countd=\count292
\t@pgf@toka=\toks28
\t@pgf@tokb=\toks29
\t@pgf@tokc=\toks30
\pgf@sys@id@count=\count293
 (/opt/homebrew/Cellar/texlive/20240312/share/texmf-dist/tex/generic/pgf/systemlayer/pgf.cfg
File: pgf.cfg 2023-01-15 v3.1.10 (3.1.10)
)
Driver file for pgf: pgfsys-pdftex.def
 (/opt/homebrew/Cellar/texlive/20240312/share/texmf-dist/tex/generic/pgf/systemlayer/pgfsys-pdftex.def
File: pgfsys-pdftex.def 2023-01-15 v3.1.10 (3.1.10)
 (/opt/homebrew/Cellar/texlive/20240312/share/texmf-dist/tex/generic/pgf/systemlayer/pgfsys-common-pdf.def
File: pgfsys-common-pdf.def 2023-01-15 v3.1.10 (3.1.10)
))) (/opt/homebrew/Cellar/texlive/20240312/share/texmf-dist/tex/generic/pgf/systemlayer/pgfsyssoftpath.code.tex
File: pgfsyssoftpath.code.tex 2023-01-15 v3.1.10 (3.1.10)
\pgfsyssoftpath@smallbuffer@items=\count294
\pgfsyssoftpath@bigbuffer@items=\count295
) (/opt/homebrew/Cellar/texlive/20240312/share/texmf-dist/tex/generic/pgf/systemlayer/pgfsysprotocol.code.tex
File: pgfsysprotocol.code.tex 2023-01-15 v3.1.10 (3.1.10)
)) (/opt/homebrew/Cellar/texlive/20240312/share/texmf-dist/tex/latex/xcolor/xcolor.sty
Package: xcolor 2023/11/15 v3.01 LaTeX color extensions (UK)
 (/opt/homebrew/Cellar/texlive/20240312/share/texmf-dist/tex/latex/graphics-cfg/color.cfg
File: color.cfg 2016/01/02 v1.6 sample color configuration
)
Package xcolor Info: Driver file: pdftex.def on input line 274.
LaTeX Info: Redefining \color on input line 758.
 (/opt/homebrew/Cellar/texlive/20240312/share/texmf-dist/tex/latex/graphics/mathcolor.ltx)
Package xcolor Info: Model `cmy' substituted by `cmy0' on input line 1350.
Package xcolor Info: Model `hsb' substituted by `rgb' on input line 1354.
Package xcolor Info: Model `RGB' extended on input line 1366.
Package xcolor Info: Model `HTML' substituted by `rgb' on input line 1368.
Package xcolor Info: Model `Hsb' substituted by `hsb' on input line 1369.
Package xcolor Info: Model `tHsb' substituted by `hsb' on input line 1370.
Package xcolor Info: Model `HSB' substituted by `hsb' on input line 1371.
Package xcolor Info: Model `Gray' substituted by `gray' on input line 1372.
Package xcolor Info: Model `wave' substituted by `hsb' on input line 1373.
) (/opt/homebrew/Cellar/texlive/20240312/share/texmf-dist/tex/generic/pgf/basiclayer/pgfcore.code.tex
Package: pgfcore 2023-01-15 v3.1.10 (3.1.10)
 (/opt/homebrew/Cellar/texlive/20240312/share/texmf-dist/tex/generic/pgf/math/pgfmath.code.tex (/opt/homebrew/Cellar/texlive/20240312/share/texmf-dist/tex/generic/pgf/math/pgfmathutil.code.tex) (/opt/homebrew/Cellar/texlive/20240312/share/texmf-dist/tex/generic/pgf/math/pgfmathparser.code.tex
\pgfmath@dimen=\dimen189
\pgfmath@count=\count296
\pgfmath@box=\box99
\pgfmath@toks=\toks31
\pgfmath@stack@operand=\toks32
\pgfmath@stack@operation=\toks33
) (/opt/homebrew/Cellar/texlive/20240312/share/texmf-dist/tex/generic/pgf/math/pgfmathfunctions.code.tex) (/opt/homebrew/Cellar/texlive/20240312/share/texmf-dist/tex/generic/pgf/math/pgfmathfunctions.basic.code.tex) (/opt/homebrew/Cellar/texlive/20240312/share/texmf-dist/tex/generic/pgf/math/pgfmathfunctions.trigonometric.code.tex) (/opt/homebrew/Cellar/texlive/20240312/share/texmf-dist/tex/generic/pgf/math/pgfmathfunctions.random.code.tex) (/opt/homebrew/Cellar/texlive/20240312/share/texmf-dist/tex/generic/pgf/math/pgfmathfunctions.comparison.code.tex) (/opt/homebrew/Cellar/texlive/20240312/share/texmf-dist/tex/generic/pgf/math/pgfmathfunctions.base.code.tex) (/opt/homebrew/Cellar/texlive/20240312/share/texmf-dist/tex/generic/pgf/math/pgfmathfunctions.round.code.tex) (/opt/homebrew/Cellar/texlive/20240312/share/texmf-dist/tex/generic/pgf/math/pgfmathfunctions.misc.code.tex) (/opt/homebrew/Cellar/texlive/20240312/share/texmf-dist/tex/generic/pgf/math/pgfmathfunctions.integerarithmetics.code.tex) (/opt/homebrew/Cellar/texlive/20240312/share/texmf-dist/tex/generic/pgf/math/pgfmathcalc.code.tex) (/opt/homebrew/Cellar/texlive/20240312/share/texmf-dist/tex/generic/pgf/math/pgfmathfloat.code.tex
\c@pgfmathroundto@lastzeros=\count297
)) (/opt/homebrew/Cellar/texlive/20240312/share/texmf-dist/tex/generic/pgf/math/pgfint.code.tex) (/opt/homebrew/Cellar/texlive/20240312/share/texmf-dist/tex/generic/pgf/basiclayer/pgfcorepoints.code.tex
File: pgfcorepoints.code.tex 2023-01-15 v3.1.10 (3.1.10)
\pgf@picminx=\dimen190
\pgf@picmaxx=\dimen191
\pgf@picminy=\dimen192
\pgf@picmaxy=\dimen193
\pgf@pathminx=\dimen194
\pgf@pathmaxx=\dimen195
\pgf@pathminy=\dimen196
\pgf@pathmaxy=\dimen197
\pgf@xx=\dimen198
\pgf@xy=\dimen199
\pgf@yx=\dimen256
\pgf@yy=\dimen257
\pgf@zx=\dimen258
\pgf@zy=\dimen259
) (/opt/homebrew/Cellar/texlive/20240312/share/texmf-dist/tex/generic/pgf/basiclayer/pgfcorepathconstruct.code.tex
File: pgfcorepathconstruct.code.tex 2023-01-15 v3.1.10 (3.1.10)
\pgf@path@lastx=\dimen260
\pgf@path@lasty=\dimen261
) (/opt/homebrew/Cellar/texlive/20240312/share/texmf-dist/tex/generic/pgf/basiclayer/pgfcorepathusage.code.tex
File: pgfcorepathusage.code.tex 2023-01-15 v3.1.10 (3.1.10)
\pgf@shorten@end@additional=\dimen262
\pgf@shorten@start@additional=\dimen263
) (/opt/homebrew/Cellar/texlive/20240312/share/texmf-dist/tex/generic/pgf/basiclayer/pgfcorescopes.code.tex
File: pgfcorescopes.code.tex 2023-01-15 v3.1.10 (3.1.10)
\pgfpic=\box100
\pgf@hbox=\box101
\pgf@layerbox@main=\box102
\pgf@picture@serial@count=\count298
) (/opt/homebrew/Cellar/texlive/20240312/share/texmf-dist/tex/generic/pgf/basiclayer/pgfcoregraphicstate.code.tex
File: pgfcoregraphicstate.code.tex 2023-01-15 v3.1.10 (3.1.10)
\pgflinewidth=\dimen264
) (/opt/homebrew/Cellar/texlive/20240312/share/texmf-dist/tex/generic/pgf/basiclayer/pgfcoretransformations.code.tex
File: pgfcoretransformations.code.tex 2023-01-15 v3.1.10 (3.1.10)
\pgf@pt@x=\dimen265
\pgf@pt@y=\dimen266
\pgf@pt@temp=\dimen267
) (/opt/homebrew/Cellar/texlive/20240312/share/texmf-dist/tex/generic/pgf/basiclayer/pgfcorequick.code.tex
File: pgfcorequick.code.tex 2023-01-15 v3.1.10 (3.1.10)
) (/opt/homebrew/Cellar/texlive/20240312/share/texmf-dist/tex/generic/pgf/basiclayer/pgfcoreobjects.code.tex
File: pgfcoreobjects.code.tex 2023-01-15 v3.1.10 (3.1.10)
) (/opt/homebrew/Cellar/texlive/20240312/share/texmf-dist/tex/generic/pgf/basiclayer/pgfcorepathprocessing.code.tex
File: pgfcorepathprocessing.code.tex 2023-01-15 v3.1.10 (3.1.10)
) (/opt/homebrew/Cellar/texlive/20240312/share/texmf-dist/tex/generic/pgf/basiclayer/pgfcorearrows.code.tex
File: pgfcorearrows.code.tex 2023-01-15 v3.1.10 (3.1.10)
\pgfarrowsep=\dimen268
) (/opt/homebrew/Cellar/texlive/20240312/share/texmf-dist/tex/generic/pgf/basiclayer/pgfcoreshade.code.tex
File: pgfcoreshade.code.tex 2023-01-15 v3.1.10 (3.1.10)
\pgf@max=\dimen269
\pgf@sys@shading@range@num=\count299
\pgf@shadingcount=\count300
) (/opt/homebrew/Cellar/texlive/20240312/share/texmf-dist/tex/generic/pgf/basiclayer/pgfcoreimage.code.tex
File: pgfcoreimage.code.tex 2023-01-15 v3.1.10 (3.1.10)
) (/opt/homebrew/Cellar/texlive/20240312/share/texmf-dist/tex/generic/pgf/basiclayer/pgfcoreexternal.code.tex
File: pgfcoreexternal.code.tex 2023-01-15 v3.1.10 (3.1.10)
\pgfexternal@startupbox=\box103
) (/opt/homebrew/Cellar/texlive/20240312/share/texmf-dist/tex/generic/pgf/basiclayer/pgfcorelayers.code.tex
File: pgfcorelayers.code.tex 2023-01-15 v3.1.10 (3.1.10)
) (/opt/homebrew/Cellar/texlive/20240312/share/texmf-dist/tex/generic/pgf/basiclayer/pgfcoretransparency.code.tex
File: pgfcoretransparency.code.tex 2023-01-15 v3.1.10 (3.1.10)
) (/opt/homebrew/Cellar/texlive/20240312/share/texmf-dist/tex/generic/pgf/basiclayer/pgfcorepatterns.code.tex
File: pgfcorepatterns.code.tex 2023-01-15 v3.1.10 (3.1.10)
) (/opt/homebrew/Cellar/texlive/20240312/share/texmf-dist/tex/generic/pgf/basiclayer/pgfcorerdf.code.tex
File: pgfcorerdf.code.tex 2023-01-15 v3.1.10 (3.1.10)
))) (/opt/homebrew/Cellar/texlive/20240312/share/texmf-dist/tex/generic/pgf/modules/pgfmoduleshapes.code.tex
File: pgfmoduleshapes.code.tex 2023-01-15 v3.1.10 (3.1.10)
\pgfnodeparttextbox=\box104
) (/opt/homebrew/Cellar/texlive/20240312/share/texmf-dist/tex/generic/pgf/modules/pgfmoduleplot.code.tex
File: pgfmoduleplot.code.tex 2023-01-15 v3.1.10 (3.1.10)
) (/opt/homebrew/Cellar/texlive/20240312/share/texmf-dist/tex/latex/pgf/compatibility/pgfcomp-version-0-65.sty
Package: pgfcomp-version-0-65 2023-01-15 v3.1.10 (3.1.10)
\pgf@nodesepstart=\dimen270
\pgf@nodesepend=\dimen271
) (/opt/homebrew/Cellar/texlive/20240312/share/texmf-dist/tex/latex/pgf/compatibility/pgfcomp-version-1-18.sty
Package: pgfcomp-version-1-18 2023-01-15 v3.1.10 (3.1.10)
)) (/opt/homebrew/Cellar/texlive/20240312/share/texmf-dist/tex/latex/pgf/utilities/pgffor.sty (/opt/homebrew/Cellar/texlive/20240312/share/texmf-dist/tex/latex/pgf/utilities/pgfkeys.sty (/opt/homebrew/Cellar/texlive/20240312/share/texmf-dist/tex/generic/pgf/utilities/pgfkeys.code.tex)) (/opt/homebrew/Cellar/texlive/20240312/share/texmf-dist/tex/latex/pgf/math/pgfmath.sty (/opt/homebrew/Cellar/texlive/20240312/share/texmf-dist/tex/generic/pgf/math/pgfmath.code.tex)) (/opt/homebrew/Cellar/texlive/20240312/share/texmf-dist/tex/generic/pgf/utilities/pgffor.code.tex
Package: pgffor 2023-01-15 v3.1.10 (3.1.10)
\pgffor@iter=\dimen272
\pgffor@skip=\dimen273
\pgffor@stack=\toks34
\pgffor@toks=\toks35
))
(/opt/homebrew/Cellar/texlive/20240312/share/texmf-dist/tex/generic/pgf/frontendlayer/tikz/tikz.code.tex
Package: tikz 2023-01-15 v3.1.10 (3.1.10)
 (/opt/homebrew/Cellar/texlive/20240312/share/texmf-dist/tex/generic/pgf/libraries/pgflibraryplothandlers.code.tex
File: pgflibraryplothandlers.code.tex 2023-01-15 v3.1.10 (3.1.10)
\pgf@plot@mark@count=\count301
\pgfplotmarksize=\dimen274
)
\tikz@lastx=\dimen275
\tikz@lasty=\dimen276
\tikz@lastxsaved=\dimen277
\tikz@lastysaved=\dimen278
\tikz@lastmovetox=\dimen279
\tikz@lastmovetoy=\dimen280
\tikzleveldistance=\dimen281
\tikzsiblingdistance=\dimen282
\tikz@figbox=\box105
\tikz@figbox@bg=\box106
\tikz@tempbox=\box107
\tikz@tempbox@bg=\box108
\tikztreelevel=\count302
\tikznumberofchildren=\count303
\tikznumberofcurrentchild=\count304
\tikz@fig@count=\count305
 (/opt/homebrew/Cellar/texlive/20240312/share/texmf-dist/tex/generic/pgf/modules/pgfmodulematrix.code.tex
File: pgfmodulematrix.code.tex 2023-01-15 v3.1.10 (3.1.10)
\pgfmatrixcurrentrow=\count306
\pgfmatrixcurrentcolumn=\count307
\pgf@matrix@numberofcolumns=\count308
)
\tikz@expandcount=\count309
 (/opt/homebrew/Cellar/texlive/20240312/share/texmf-dist/tex/generic/pgf/frontendlayer/tikz/libraries/tikzlibrarytopaths.code.tex
File: tikzlibrarytopaths.code.tex 2023-01-15 v3.1.10 (3.1.10)
))) (/opt/homebrew/Cellar/texlive/20240312/share/texmf-dist/tex/latex/amscls/amsthm.sty
Package: amsthm 2020/05/29 v2.20.6
\thm@style=\toks36
\thm@bodyfont=\toks37
\thm@headfont=\toks38
\thm@notefont=\toks39
\thm@headpunct=\toks40
\thm@preskip=\skip59
\thm@postskip=\skip60
\thm@headsep=\skip61
\dth@everypar=\toks41
) (/opt/homebrew/Cellar/texlive/20240312/share/texmf-dist/tex/latex/thmtools/thmtools.sty
Package: thmtools 2023/05/04 v0.76
\thmt@toks=\toks42
\c@thmt@dummyctr=\count310
 (/opt/homebrew/Cellar/texlive/20240312/share/texmf-dist/tex/latex/thmtools/thm-patch.sty
Package: thm-patch 2023/05/04 v0.76
 (/opt/homebrew/Cellar/texlive/20240312/share/texmf-dist/tex/latex/thmtools/parseargs.sty
Package: parseargs 2023/05/04 v0.76
\@parsespec=\toks43
)) (/opt/homebrew/Cellar/texlive/20240312/share/texmf-dist/tex/latex/thmtools/thm-kv.sty
Package: thm-kv 2023/05/04 v0.76
Package thm-kv Info: Theorem names will be uppercased on input line 42.
Package thm-kv Info: kvsetkeys patch (v1.16 or later) on input line 158.
) (/opt/homebrew/Cellar/texlive/20240312/share/texmf-dist/tex/latex/thmtools/thm-autoref.sty
Package: thm-autoref 2023/05/04 v0.76
 (/opt/homebrew/Cellar/texlive/20240312/share/texmf-dist/tex/latex/thmtools/aliasctr.sty
Package: aliasctr 2023/05/04 v0.76
)) (/opt/homebrew/Cellar/texlive/20240312/share/texmf-dist/tex/latex/thmtools/thm-listof.sty
Package: thm-listof 2023/05/04 v0.76
) (/opt/homebrew/Cellar/texlive/20240312/share/texmf-dist/tex/latex/thmtools/thm-restate.sty
Package: thm-restate 2023/05/04 v0.76
) (/opt/homebrew/Cellar/texlive/20240312/share/texmf-dist/tex/latex/thmtools/thm-amsthm.sty
Package: thm-amsthm 2023/05/04 v0.76
\thmt@style@headstyle=\toks44
)) (/opt/homebrew/Cellar/texlive/20240312/share/texmf-dist/tex/latex/float/float.sty
Package: float 2001/11/08 v1.3d Float enhancements (AL)
\c@float@type=\count311
\float@exts=\toks45
\float@box=\box109
\@float@everytoks=\toks46
\@floatcapt=\box110
) (/opt/homebrew/Cellar/texlive/20240312/share/texmf-dist/tex/latex/amsmath/amsmath.sty
Package: amsmath 2023/05/13 v2.17o AMS math features
\@mathmargin=\skip62

For additional information on amsmath, use the `?' option.
(/opt/homebrew/Cellar/texlive/20240312/share/texmf-dist/tex/latex/amsmath/amstext.sty
Package: amstext 2021/08/26 v2.01 AMS text
 (/opt/homebrew/Cellar/texlive/20240312/share/texmf-dist/tex/latex/amsmath/amsgen.sty
File: amsgen.sty 1999/11/30 v2.0 generic functions
\@emptytoks=\toks47
\ex@=\dimen283
)) (/opt/homebrew/Cellar/texlive/20240312/share/texmf-dist/tex/latex/amsmath/amsbsy.sty
Package: amsbsy 1999/11/29 v1.2d Bold Symbols
\pmbraise@=\dimen284
) (/opt/homebrew/Cellar/texlive/20240312/share/texmf-dist/tex/latex/amsmath/amsopn.sty
Package: amsopn 2022/04/08 v2.04 operator names
)
\inf@bad=\count312
LaTeX Info: Redefining \frac on input line 234.
\uproot@=\count313
\leftroot@=\count314
LaTeX Info: Redefining \overline on input line 399.
LaTeX Info: Redefining \colon on input line 410.
\classnum@=\count315
\DOTSCASE@=\count316
LaTeX Info: Redefining \ldots on input line 496.
LaTeX Info: Redefining \dots on input line 499.
LaTeX Info: Redefining \cdots on input line 620.
\Mathstrutbox@=\box111
\strutbox@=\box112
LaTeX Info: Redefining \big on input line 722.
LaTeX Info: Redefining \Big on input line 723.
LaTeX Info: Redefining \bigg on input line 724.
LaTeX Info: Redefining \Bigg on input line 725.
\big@size=\dimen285
LaTeX Font Info:    Redeclaring font encoding OML on input line 743.
LaTeX Font Info:    Redeclaring font encoding OMS on input line 744.
\macc@depth=\count317
LaTeX Info: Redefining \bmod on input line 905.
LaTeX Info: Redefining \pmod on input line 910.
LaTeX Info: Redefining \smash on input line 940.
LaTeX Info: Redefining \relbar on input line 970.
LaTeX Info: Redefining \Relbar on input line 971.
\c@MaxMatrixCols=\count318
\dotsspace@=\muskip16
\c@parentequation=\count319
\dspbrk@lvl=\count320
\tag@help=\toks48
\row@=\count321
\column@=\count322
\maxfields@=\count323
\andhelp@=\toks49
\eqnshift@=\dimen286
\alignsep@=\dimen287
\tagshift@=\dimen288
\tagwidth@=\dimen289
\totwidth@=\dimen290
\lineht@=\dimen291
\@envbody=\toks50
\multlinegap=\skip63
\multlinetaggap=\skip64
\mathdisplay@stack=\toks51
LaTeX Info: Redefining \[ on input line 2953.
LaTeX Info: Redefining \] on input line 2954.
) (/opt/homebrew/Cellar/texlive/20240312/share/texmf-dist/tex/latex/amsfonts/amssymb.sty
Package: amssymb 2013/01/14 v3.01 AMS font symbols
 (/opt/homebrew/Cellar/texlive/20240312/share/texmf-dist/tex/latex/amsfonts/amsfonts.sty
Package: amsfonts 2013/01/14 v3.01 Basic AMSFonts support
\symAMSa=\mathgroup4
\symAMSb=\mathgroup5
LaTeX Font Info:    Redeclaring math symbol \hbar on input line 98.
LaTeX Font Info:    Overwriting math alphabet `\mathfrak' in version `bold'
(Font)                  U/euf/m/n --> U/euf/b/n on input line 106.
)) (/opt/homebrew/Cellar/texlive/20240312/share/texmf-dist/tex/latex/tools/bm.sty
Package: bm 2023/07/08 v1.2f Bold Symbol Support (DPC/FMi)
\symboldoperators=\mathgroup6
\symboldletters=\mathgroup7
\symboldsymbols=\mathgroup8
Package bm Info: No bold for \OMX/cmex/m/n, using \pmb.
Package bm Info: No bold for \U/msa/m/n, using \pmb.
Package bm Info: No bold for \U/msb/m/n, using \pmb.
LaTeX Font Info:    Redeclaring math alphabet \mathbf on input line 149.
) (/opt/homebrew/Cellar/texlive/20240312/share/texmf-dist/tex/latex/mathtools/empheq.sty
Package: empheq 2017/03/31 v2.15 Emphasizing equations
 (/opt/homebrew/Cellar/texlive/20240312/share/texmf-dist/tex/latex/mathtools/mhsetup.sty
Package: mhsetup 2021/03/18 v1.4 programming setup (MH)
) (/opt/homebrew/Cellar/texlive/20240312/share/texmf-dist/tex/latex/mathtools/mathtools.sty
Package: mathtools 2024/03/11 v1.30 mathematical typesetting tools
 (/opt/homebrew/Cellar/texlive/20240312/share/texmf-dist/tex/latex/tools/calc.sty
Package: calc 2023/07/08 v4.3 Infix arithmetic (KKT,FJ)
\calc@Acount=\count324
\calc@Bcount=\count325
\calc@Adimen=\dimen292
\calc@Bdimen=\dimen293
\calc@Askip=\skip65
\calc@Bskip=\skip66
LaTeX Info: Redefining \setlength on input line 80.
LaTeX Info: Redefining \addtolength on input line 81.
\calc@Ccount=\count326
\calc@Cskip=\skip67
)
\g_MT_multlinerow_int=\count327
\l_MT_multwidth_dim=\dimen294
\origjot=\skip68
\l_MT_shortvdotswithinadjustabove_dim=\dimen295
\l_MT_shortvdotswithinadjustbelow_dim=\dimen296
\l_MT_above_intertext_sep=\dimen297
\l_MT_below_intertext_sep=\dimen298
\l_MT_above_shortintertext_sep=\dimen299
\l_MT_below_shortintertext_sep=\dimen300
\xmathstrut@box=\box113
\xmathstrut@dim=\dimen301
)
\l_EQ_equationtype_int=\count328
\l_EQ_alignmentmode_int=\count329
\l_EQ_totalwidth_dim=\dimen302
\l_EQ_displaywidth_dim=\dimen303
\l_EQ_temp_linewidth_dim=\dimen304
\l_EQ_linewidth_dim=\dimen305
\EmphEqdelimitershortfall=\dimen306
\EmphEqdelimiterfactor=\count330
\g_EQ_toptag_height_dim=\dimen307
\g_EQ_bottomtag_depth_dim=\dimen308
\g_EQ_toprow_height_dim=\dimen309
\g_EQ_bottomrow_depth_dim=\dimen310
\g_EQ_widesttag_dim=\dimen311
\EQ_mathdisplay_box=\box114
\EQ_tag_box=\box115
\g_EQ_temprow_int=\count331
) (/opt/homebrew/Cellar/texlive/20240312/share/texmf-dist/tex/latex/base/fix-cm.sty
Package: fix-cm 2020/11/24 v1.1t fixes to LaTeX
 (/opt/homebrew/Cellar/texlive/20240312/share/texmf-dist/tex/latex/base/ts1enc.def
File: ts1enc.def 2001/06/05 v3.0e (jk/car/fm) Standard LaTeX file
LaTeX Font Info:    Redeclaring font encoding TS1 on input line 47.
)) (/opt/homebrew/Cellar/texlive/20240312/share/texmf-dist/tex/latex/tools/tabularx.sty
Package: tabularx 2023/07/08 v2.11c `tabularx' package (DPC)
 (/opt/homebrew/Cellar/texlive/20240312/share/texmf-dist/tex/latex/tools/array.sty
Package: array 2023/10/16 v2.5g Tabular extension package (FMi)
\col@sep=\dimen312
\ar@mcellbox=\box116
\extrarowheight=\dimen313
\NC@list=\toks52
\extratabsurround=\skip69
\backup@length=\skip70
\ar@cellbox=\box117
)
\TX@col@width=\dimen314
\TX@old@table=\dimen315
\TX@old@col=\dimen316
\TX@target=\dimen317
\TX@delta=\dimen318
\TX@cols=\count332
\TX@ftn=\toks53
) (/opt/homebrew/Cellar/texlive/20240312/share/texmf-dist/tex/latex/tools/longtable.sty
Package: longtable 2023-11-01 v4.19 Multi-page Table package (DPC)
\LTleft=\skip71
\LTright=\skip72
\LTpre=\skip73
\LTpost=\skip74
\LTchunksize=\count333
\LTcapwidth=\dimen319
\LT@head=\box118
\LT@firsthead=\box119
\LT@foot=\box120
\LT@lastfoot=\box121
\LT@gbox=\box122
\LT@cols=\count334
\LT@rows=\count335
\c@LT@tables=\count336
\c@LT@chunks=\count337
\LT@p@ftn=\toks54
) (/opt/homebrew/Cellar/texlive/20240312/share/texmf-dist/tex/latex/colortbl/colortbl.sty
Package: colortbl 2024/02/20 v1.0g Color table columns (DPC)
\everycr=\toks55
\minrowclearance=\skip75
\rownum=\count338
) (/opt/homebrew/Cellar/texlive/20240312/share/texmf-dist/tex/latex/algorithms/algorithm.sty
Package: algorithm 2009/08/24 v0.1 Document Style `algorithm' - floating environment
 (/opt/homebrew/Cellar/texlive/20240312/share/texmf-dist/tex/latex/base/ifthen.sty
Package: ifthen 2022/04/13 v1.1d Standard LaTeX ifthen package (DPC)
)
\@float@every@algorithm=\toks56
\c@algorithm=\count339
) (/opt/homebrew/Cellar/texlive/20240312/share/texmf-dist/tex/latex/algorithms/algorithmic.sty
Package: algorithmic 2009/08/24 v0.1 Document Style `algorithmic'
\c@ALC@unique=\count340
\c@ALC@line=\count341
\c@ALC@rem=\count342
\c@ALC@depth=\count343
\ALC@tlm=\skip76
\algorithmicindent=\skip77
) (/opt/homebrew/Cellar/texlive/20240312/share/texmf-dist/tex/latex/hyperref/hyperref.sty
Package: hyperref 2024-01-20 v7.01h Hypertext links for LaTeX
 (/opt/homebrew/Cellar/texlive/20240312/share/texmf-dist/tex/generic/kvdefinekeys/kvdefinekeys.sty
Package: kvdefinekeys 2019-12-19 v1.6 Define keys (HO)
) (/opt/homebrew/Cellar/texlive/20240312/share/texmf-dist/tex/generic/pdfescape/pdfescape.sty
Package: pdfescape 2019/12/09 v1.15 Implements pdfTeX's escape features (HO)
 (/opt/homebrew/Cellar/texlive/20240312/share/texmf-dist/tex/generic/pdftexcmds/pdftexcmds.sty
Package: pdftexcmds 2020-06-27 v0.33 Utility functions of pdfTeX for LuaTeX (HO)
 (/opt/homebrew/Cellar/texlive/20240312/share/texmf-dist/tex/generic/infwarerr/infwarerr.sty
Package: infwarerr 2019/12/03 v1.5 Providing info/warning/error messages (HO)
)
Package pdftexcmds Info: \pdf@primitive is available.
Package pdftexcmds Info: \pdf@ifprimitive is available.
Package pdftexcmds Info: \pdfdraftmode found.
)) (/opt/homebrew/Cellar/texlive/20240312/share/texmf-dist/tex/latex/hycolor/hycolor.sty
Package: hycolor 2020-01-27 v1.10 Color options for hyperref/bookmark (HO)
) (/opt/homebrew/Cellar/texlive/20240312/share/texmf-dist/tex/latex/hyperref/nameref.sty
Package: nameref 2023-11-26 v2.56 Cross-referencing by name of section
 (/opt/homebrew/Cellar/texlive/20240312/share/texmf-dist/tex/latex/refcount/refcount.sty
Package: refcount 2019/12/15 v3.6 Data extraction from label references (HO)
) (/opt/homebrew/Cellar/texlive/20240312/share/texmf-dist/tex/generic/gettitlestring/gettitlestring.sty
Package: gettitlestring 2019/12/15 v1.6 Cleanup title references (HO)
)
\c@section@level=\count344
)
\@linkdim=\dimen320
\Hy@linkcounter=\count345
\Hy@pagecounter=\count346
 (/opt/homebrew/Cellar/texlive/20240312/share/texmf-dist/tex/latex/hyperref/pd1enc.def
File: pd1enc.def 2024-01-20 v7.01h Hyperref: PDFDocEncoding definition (HO)
Now handling font encoding PD1 ...
... no UTF-8 mapping file for font encoding PD1
) (/opt/homebrew/Cellar/texlive/20240312/share/texmf-dist/tex/generic/intcalc/intcalc.sty
Package: intcalc 2019/12/15 v1.3 Expandable calculations with integers (HO)
)
\Hy@SavedSpaceFactor=\count347
 (/opt/homebrew/Cellar/texlive/20240312/share/texmf-dist/tex/latex/hyperref/puenc.def
File: puenc.def 2024-01-20 v7.01h Hyperref: PDF Unicode definition (HO)
Now handling font encoding PU ...
... no UTF-8 mapping file for font encoding PU
)
Package hyperref Info: Option `colorlinks' set `true' on input line 4062.
Package hyperref Info: Hyper figures OFF on input line 4179.
Package hyperref Info: Link nesting OFF on input line 4184.
Package hyperref Info: Hyper index ON on input line 4187.
Package hyperref Info: Plain pages OFF on input line 4194.
Package hyperref Info: Backreferencing OFF on input line 4199.
Package hyperref Info: Implicit mode ON; LaTeX internals redefined.
Package hyperref Info: Bookmarks ON on input line 4446.
\c@Hy@tempcnt=\count348
 (/opt/homebrew/Cellar/texlive/20240312/share/texmf-dist/tex/latex/url/url.sty
\Urlmuskip=\muskip17
Package: url 2013/09/16  ver 3.4  Verb mode for urls, etc.
)
LaTeX Info: Redefining \url on input line 4784.
\XeTeXLinkMargin=\dimen321
 (/opt/homebrew/Cellar/texlive/20240312/share/texmf-dist/tex/generic/bitset/bitset.sty
Package: bitset 2019/12/09 v1.3 Handle bit-vector datatype (HO)
 (/opt/homebrew/Cellar/texlive/20240312/share/texmf-dist/tex/generic/bigintcalc/bigintcalc.sty
Package: bigintcalc 2019/12/15 v1.5 Expandable calculations on big integers (HO)
))
\Fld@menulength=\count349
\Field@Width=\dimen322
\Fld@charsize=\dimen323
Package hyperref Info: Hyper figures OFF on input line 6063.
Package hyperref Info: Link nesting OFF on input line 6068.
Package hyperref Info: Hyper index ON on input line 6071.
Package hyperref Info: backreferencing OFF on input line 6078.
Package hyperref Info: Link coloring ON on input line 6081.
Package hyperref Info: Link coloring with OCG OFF on input line 6088.
Package hyperref Info: PDF/A mode OFF on input line 6093.
 (/opt/homebrew/Cellar/texlive/20240312/share/texmf-dist/tex/latex/base/atbegshi-ltx.sty
Package: atbegshi-ltx 2021/01/10 v1.0c Emulation of the original atbegshi
package with kernel methods
)
\Hy@abspage=\count350
\c@Item=\count351
\c@Hfootnote=\count352
)
Package hyperref Info: Driver (autodetected): hpdftex.
 (/opt/homebrew/Cellar/texlive/20240312/share/texmf-dist/tex/latex/hyperref/hpdftex.def
File: hpdftex.def 2024-01-20 v7.01h Hyperref driver for pdfTeX
 (/opt/homebrew/Cellar/texlive/20240312/share/texmf-dist/tex/latex/base/atveryend-ltx.sty
Package: atveryend-ltx 2020/08/19 v1.0a Emulation of the original atveryend package
with kernel methods
)
\Fld@listcount=\count353
\c@bookmark@seq@number=\count354
 (/opt/homebrew/Cellar/texlive/20240312/share/texmf-dist/tex/latex/rerunfilecheck/rerunfilecheck.sty
Package: rerunfilecheck 2022-07-10 v1.10 Rerun checks for auxiliary files (HO)
 (/opt/homebrew/Cellar/texlive/20240312/share/texmf-dist/tex/generic/uniquecounter/uniquecounter.sty
Package: uniquecounter 2019/12/15 v1.4 Provide unlimited unique counter (HO)
)
Package uniquecounter Info: New unique counter `rerunfilecheck' on input line 285.
)
\Hy@SectionHShift=\skip78
) (/opt/homebrew/Cellar/texlive/20240312/share/texmf-dist/tex/latex/cleveref/cleveref.sty
Package: cleveref 2018/03/27 v0.21.4 Intelligent cross-referencing
Package cleveref Info: `hyperref' support loaded on input line 2370.
LaTeX Info: Redefining \cref on input line 2370.
LaTeX Info: Redefining \Cref on input line 2370.
LaTeX Info: Redefining \crefrange on input line 2370.
LaTeX Info: Redefining \Crefrange on input line 2370.
LaTeX Info: Redefining \cpageref on input line 2370.
LaTeX Info: Redefining \Cpageref on input line 2370.
LaTeX Info: Redefining \cpagerefrange on input line 2370.
LaTeX Info: Redefining \Cpagerefrange on input line 2370.
LaTeX Info: Redefining \labelcref on input line 2370.
LaTeX Info: Redefining \labelcpageref on input line 2370.
Package cleveref Info: `amsthm' support loaded on input line 3026.
Package cleveref Info: `subfig' support loaded on input line 3164.
) (/opt/homebrew/Cellar/texlive/20240312/share/texmf-dist/tex/latex/natbib/natbib.sty
Package: natbib 2010/09/13 8.31b (PWD, AO)
\bibhang=\skip79
\bibsep=\skip80
LaTeX Info: Redefining \cite on input line 694.
\c@NAT@ctr=\count355
) (/opt/homebrew/Cellar/texlive/20240312/share/texmf-dist/tex/latex/pdfpages/pdfpages.sty
Package: pdfpages 2024/01/21 v0.5y Insert pages of external PDF documents (AM)
\AM@pagewidth=\dimen324
\AM@pageheight=\dimen325
\AM@fboxrule=\dimen326
 (/opt/homebrew/Cellar/texlive/20240312/share/texmf-dist/tex/latex/pdfpages/pppdftex.def
File: pppdftex.def 2024/01/21 v0.5y Pdfpages driver for pdfTeX (AM)
)
\pdfpages@includegraphics@status=\count356
\AM@pagebox=\box123
\AM@global@opts=\toks57
\AM@pagecnt=\count357
\AM@toc@title=\toks58
\AM@lof@heading=\toks59
\c@AM@survey=\count358
\AM@templatesizebox=\box124
) (/opt/homebrew/Cellar/texlive/20240312/share/texmf-dist/tex/latex/tools/afterpage.sty
Package: afterpage 2023/07/04 v1.08 After-Page Package (DPC)
\AP@output=\toks60
\AP@partial=\box125
\AP@footins=\box126
) (/opt/homebrew/Cellar/texlive/20240312/share/texmf-dist/tex/latex/lipsum/lipsum.sty (/opt/homebrew/Cellar/texlive/20240312/share/texmf-dist/tex/latex/l3packages/l3keys2e/l3keys2e.sty (/opt/homebrew/Cellar/texlive/20240312/share/texmf-dist/tex/latex/l3kernel/expl3.sty
Package: expl3 2024-02-20 L3 programming layer (loader) 
 (/opt/homebrew/Cellar/texlive/20240312/share/texmf-dist/tex/latex/l3backend/l3backend-pdftex.def
File: l3backend-pdftex.def 2024-02-20 L3 backend support: PDF output (pdfTeX)
\l__color_backend_stack_int=\count359
\l__pdf_internal_box=\box127
))
Package: l3keys2e 2024-02-18 LaTeX2e option processing using LaTeX3 keys
)
Package: lipsum 2021-09-20 v2.7 150 paragraphs of Lorem Ipsum dummy text
\g__lipsum_par_int=\count360
\l__lipsum_a_int=\count361
\l__lipsum_b_int=\count362
 (/opt/homebrew/Cellar/texlive/20240312/share/texmf-dist/tex/latex/lipsum/lipsum.ltd.tex)) (/opt/homebrew/Cellar/texlive/20240312/share/texmf-dist/tex/latex/fancyhdr/fancyhdr.sty
Package: fancyhdr 2022/11/09 v4.1 Extensive control of page headers and footers
\f@nch@headwidth=\skip81
\f@nch@O@elh=\skip82
\f@nch@O@erh=\skip83
\f@nch@O@olh=\skip84
\f@nch@O@orh=\skip85
\f@nch@O@elf=\skip86
\f@nch@O@erf=\skip87
\f@nch@O@olf=\skip88
\f@nch@O@orf=\skip89
) (./Configuration_Files/config.tex
\c@theorem=\count363
\c@proposition=\count364
\c@algsubstate=\count365
) (./thesis.aux)
\openout1 = `thesis.aux'.

LaTeX Font Info:    Checking defaults for OML/cmm/m/it on input line 108.
LaTeX Font Info:    ... okay on input line 108.
LaTeX Font Info:    Checking defaults for OMS/cmsy/m/n on input line 108.
LaTeX Font Info:    ... okay on input line 108.
LaTeX Font Info:    Checking defaults for OT1/cmr/m/n on input line 108.
LaTeX Font Info:    ... okay on input line 108.
LaTeX Font Info:    Checking defaults for T1/cmr/m/n on input line 108.
LaTeX Font Info:    ... okay on input line 108.
LaTeX Font Info:    Checking defaults for TS1/cmr/m/n on input line 108.
LaTeX Font Info:    ... okay on input line 108.
LaTeX Font Info:    Checking defaults for OMX/cmex/m/n on input line 108.
LaTeX Font Info:    ... okay on input line 108.
LaTeX Font Info:    Checking defaults for U/cmr/m/n on input line 108.
LaTeX Font Info:    ... okay on input line 108.
LaTeX Font Info:    Checking defaults for PD1/pdf/m/n on input line 108.
LaTeX Font Info:    ... okay on input line 108.
LaTeX Font Info:    Checking defaults for PU/pdf/m/n on input line 108.
LaTeX Font Info:    ... okay on input line 108.

*geometry* driver: auto-detecting
*geometry* detected driver: pdftex
*geometry* verbose mode - [ preamble ] result:
* driver: pdftex
* paper: a4paper
* layout: <same size as paper>
* layoutoffset:(h,v)=(0.0pt,0.0pt)
* modes: includehead twoside 
* h-part:(L,W,R)=(85.35826pt, 455.24411pt, 56.9055pt)
* v-part:(T,H,B)=(71.13188pt, 702.78308pt, 71.13188pt)
* \paperwidth=597.50787pt
* \paperheight=845.04684pt
* \textwidth=455.24411pt
* \textheight=665.83746pt
* \oddsidemargin=13.08827pt
* \evensidemargin=-15.36449pt
* \topmargin=-1.1381pt
* \headheight=17.07182pt
* \headsep=19.8738pt
* \topskip=12.0pt
* \footskip=30.0pt
* \marginparwidth=98.0pt
* \marginparsep=7.0pt
* \columnsep=15.0pt
* \skip\footins=10.8pt plus 4.0pt minus 2.0pt
* \hoffset=0.0pt
* \voffset=0.0pt
* \mag=1000
* \@twocolumnfalse
* \@twosidetrue
* \@mparswitchtrue
* \@reversemarginfalse
* (1in=72.27pt=25.4mm, 1cm=28.453pt)

Package caption Info: Begin \AtBeginDocument code.
Package caption Info: subfig package v1.3 is loaded.
Package caption Info: float package is loaded.
Package caption Info: hyperref package is loaded.
Package caption Info: longtable package is loaded.
(/opt/homebrew/Cellar/texlive/20240312/share/texmf-dist/tex/latex/caption/ltcaption.sty
Package: ltcaption 2021/01/08 v1.4c longtable captions (AR)
)
Package caption Info: End \AtBeginDocument code.
 (/opt/homebrew/Cellar/texlive/20240312/share/texmf-dist/tex/context/base/mkii/supp-pdf.mkii
[Loading MPS to PDF converter (version 2006.09.02).]
\scratchcounter=\count366
\scratchdimen=\dimen327
\scratchbox=\box128
\nofMPsegments=\count367
\nofMParguments=\count368
\everyMPshowfont=\toks61
\MPscratchCnt=\count369
\MPscratchDim=\dimen328
\MPnumerator=\count370
\makeMPintoPDFobject=\count371
\everyMPtoPDFconversion=\toks62
) (/opt/homebrew/Cellar/texlive/20240312/share/texmf-dist/tex/latex/epstopdf-pkg/epstopdf-base.sty
Package: epstopdf-base 2020-01-24 v2.11 Base part for package epstopdf
Package epstopdf-base Info: Redefining graphics rule for `.eps' on input line 485.
 (/opt/homebrew/Cellar/texlive/20240312/share/texmf-dist/tex/latex/latexconfig/epstopdf-sys.cfg
File: epstopdf-sys.cfg 2010/07/13 v1.3 Configuration of (r)epstopdf for TeX Live
))
LaTeX Info: Redefining \[ on input line 108.
LaTeX Info: Redefining \] on input line 108.
Package hyperref Info: Link coloring ON on input line 108.
 (./thesis.out) (./thesis.out)
\@outlinefile=\write4
\openout4 = `thesis.out'.

 (/opt/homebrew/Cellar/texlive/20240312/share/texmf-dist/tex/latex/pdflscape/pdflscape.sty
Package: pdflscape 2022-10-27 v0.13 Display of landscape pages in PDF
 (/opt/homebrew/Cellar/texlive/20240312/share/texmf-dist/tex/latex/pdflscape/pdflscape-nometadata.sty
Package: pdflscape-nometadata 2022-10-28 v0.13 Display of landscape pages in PDF (HO)
 (/opt/homebrew/Cellar/texlive/20240312/share/texmf-dist/tex/latex/graphics/lscape.sty
Package: lscape 2020/05/28 v3.02 Landscape Pages (DPC)
)
Package pdflscape Info: Auto-detected driver: pdftex on input line 81.
))
Package epstopdf Info: Source file: <Images/02_ING_IND_INFORMAZIONE_COL_POSITIVO.eps>
(epstopdf)                    date: 2024-01-31 18:41:01
(epstopdf)                    size: 1016894 bytes
(epstopdf)             Output file: <Images/02_ING_IND_INFORMAZIONE_COL_POSITIVO-eps-converted-to.pdf>
(epstopdf)                    date: 2024-01-31 18:41:06
(epstopdf)                    size: 81903 bytes
(epstopdf)             Command: <repstopdf --outfile=Images/02_ING_IND_INFORMAZIONE_COL_POSITIVO-eps-converted-to.pdf Images/02_ING_IND_INFORMAZIONE_COL_POSITIVO.eps>
(epstopdf)             \includegraphics on input line 131.
Package epstopdf Info: Output file is already uptodate.
<Images/02_ING_IND_INFORMAZIONE_COL_POSITIVO-eps-converted-to.pdf, id=216, 493.845pt x 227.85126pt>
File: Images/02_ING_IND_INFORMAZIONE_COL_POSITIVO-eps-converted-to.pdf Graphic file (type pdf)
<use Images/02_ING_IND_INFORMAZIONE_COL_POSITIVO-eps-converted-to.pdf>
Package pdftex.def Info: Images/02_ING_IND_INFORMAZIONE_COL_POSITIVO-eps-converted-to.pdf  used on input line 131.
(pdftex.def)             Requested size: 302.73503pt x 150.052pt.
LaTeX Font Info:    Trying to load font information for U+msa on input line 131.
 (/opt/homebrew/Cellar/texlive/20240312/share/texmf-dist/tex/latex/amsfonts/umsa.fd
File: umsa.fd 2013/01/14 v3.01 AMS symbols A
)
LaTeX Font Info:    Trying to load font information for U+msb on input line 131.
 (/opt/homebrew/Cellar/texlive/20240312/share/texmf-dist/tex/latex/amsfonts/umsb.fd
File: umsb.fd 2013/01/14 v3.01 AMS symbols B
)
Package epstopdf Info: Source file: <./Images/./raggiera_polimi.eps>
(epstopdf)                    date: 2024-01-31 18:38:34
(epstopdf)                    size: 1813066 bytes
(epstopdf)             Output file: <./Images/./raggiera_polimi-eps-converted-to.pdf>
(epstopdf)                    date: 2024-01-31 18:38:40
(epstopdf)                    size: 40456 bytes
(epstopdf)             Command: <repstopdf --outfile=./Images/./raggiera_polimi-eps-converted-to.pdf ./Images/./raggiera_polimi.eps>
(epstopdf)             \includegraphics on input line 131.
Package epstopdf Info: Output file is already uptodate.
<./Images/./raggiera_polimi-eps-converted-to.pdf, id=218, 502.87875pt x 502.87875pt>
File: ./Images/./raggiera_polimi-eps-converted-to.pdf Graphic file (type pdf)
<use ./Images/./raggiera_polimi-eps-converted-to.pdf>
Package pdftex.def Info: ./Images/./raggiera_polimi-eps-converted-to.pdf  used on input line 131.
(pdftex.def)             Requested size: 418.25368pt x 418.24866pt.
 [1



{/opt/homebrew/Cellar/texlive/20240312/share/texmf-dist/fonts/map/pdftex/updmap/pdftex.map}{/opt/homebrew/Cellar/texlive/20240312/share/texmf-dist/fonts/enc/dvips/cm-super/cm-super-t1.enc} <./Images/./raggiera_polimi-eps-converted-to.pdf> <./Images/02_ING_IND_INFORMAZIONE_COL_POSITIVO-eps-converted-to.pdf>]
Package epstopdf Info: Source file: <./Images/./raggiera_polimi.eps>
(epstopdf)                    date: 2024-01-31 18:38:34
(epstopdf)                    size: 1813066 bytes
(epstopdf)             Output file: <./Images/./raggiera_polimi-eps-converted-to.pdf>
(epstopdf)                    date: 2024-01-31 18:38:40
(epstopdf)                    size: 40456 bytes
(epstopdf)             Command: <repstopdf --outfile=./Images/./raggiera_polimi-eps-converted-to.pdf ./Images/./raggiera_polimi.eps>
(epstopdf)             \includegraphics on input line 136.
Package epstopdf Info: Output file is already uptodate.
File: ./Images/./raggiera_polimi-eps-converted-to.pdf Graphic file (type pdf)
<use ./Images/./raggiera_polimi-eps-converted-to.pdf>
Package pdftex.def Info: ./Images/./raggiera_polimi-eps-converted-to.pdf  used on input line 136.
(pdftex.def)             Requested size: 507.88533pt x 507.88051pt.
 [2

]
Underfull \hbox (badness 10000) in paragraph at lines 141--158

 []


pdfTeX warning (ext4): destination with the same identifier (name{page.i}) has been already used, duplicate ignored
<to be read again> 
                   \relax 
l.160 \chapter*{Abstract in lingua italiana}
                                             [1


]
pdfTeX warning (ext4): destination with the same identifier (name{page.ii}) has been already used, duplicate ignored
<to be read again> 
                   \relax 
l.160 \chapter*{Abstract in lingua italiana}
                                            
Package epstopdf Info: Source file: <./Images/./raggiera_polimi.eps>
(epstopdf)                    date: 2024-01-31 18:38:34
(epstopdf)                    size: 1813066 bytes
(epstopdf)             Output file: <./Images/./raggiera_polimi-eps-converted-to.pdf>
(epstopdf)                    date: 2024-01-31 18:38:40
(epstopdf)                    size: 40456 bytes
(epstopdf)             Command: <repstopdf --outfile=./Images/./raggiera_polimi-eps-converted-to.pdf ./Images/./raggiera_polimi.eps>
(epstopdf)             \includegraphics on input line 160.
Package epstopdf Info: Output file is already uptodate.
File: ./Images/./raggiera_polimi-eps-converted-to.pdf Graphic file (type pdf)
<use ./Images/./raggiera_polimi-eps-converted-to.pdf>
Package pdftex.def Info: ./Images/./raggiera_polimi-eps-converted-to.pdf  used on input line 160.
(pdftex.def)             Requested size: 507.88533pt x 507.88051pt.
 [2

]
Underfull \hbox (badness 10000) in paragraph at lines 161--165

 []

[3

]
Package epstopdf Info: Source file: <./Images/./raggiera_polimi.eps>
(epstopdf)                    date: 2024-01-31 18:38:34
(epstopdf)                    size: 1813066 bytes
(epstopdf)             Output file: <./Images/./raggiera_polimi-eps-converted-to.pdf>
(epstopdf)                    date: 2024-01-31 18:38:40
(epstopdf)                    size: 40456 bytes
(epstopdf)             Command: <repstopdf --outfile=./Images/./raggiera_polimi-eps-converted-to.pdf ./Images/./raggiera_polimi.eps>
(epstopdf)             \includegraphics on input line 172.
Package epstopdf Info: Output file is already uptodate.
File: ./Images/./raggiera_polimi-eps-converted-to.pdf Graphic file (type pdf)
<use ./Images/./raggiera_polimi-eps-converted-to.pdf>
Package pdftex.def Info: ./Images/./raggiera_polimi-eps-converted-to.pdf  used on input line 172.
(pdftex.def)             Requested size: 507.88533pt x 507.88051pt.
 [4

] (./thesis.toc [5

])
\tf@toc=\write5
\openout5 = `thesis.toc'.

 [6]
Chapter 1.
[1




]
Underfull \hbox (badness 10000) in paragraph at lines 226--229

 []

[2] [3]
Package epstopdf Info: Source file: <./Images/./raggiera_polimi.eps>
(epstopdf)                    date: 2024-01-31 18:38:34
(epstopdf)                    size: 1813066 bytes
(epstopdf)             Output file: <./Images/./raggiera_polimi-eps-converted-to.pdf>
(epstopdf)                    date: 2024-01-31 18:38:40
(epstopdf)                    size: 40456 bytes
(epstopdf)             Command: <repstopdf --outfile=./Images/./raggiera_polimi-eps-converted-to.pdf ./Images/./raggiera_polimi.eps>
(epstopdf)             \includegraphics on input line 252.
Package epstopdf Info: Output file is already uptodate.
File: ./Images/./raggiera_polimi-eps-converted-to.pdf Graphic file (type pdf)
<use ./Images/./raggiera_polimi-eps-converted-to.pdf>
Package pdftex.def Info: ./Images/./raggiera_polimi-eps-converted-to.pdf  used on input line 252.
(pdftex.def)             Requested size: 507.88533pt x 507.88051pt.
 [4

]
Chapter 2.
[5

] [6{/opt/homebrew/Cellar/texlive/20240312/share/texmf-dist/fonts/enc/dvips/cm-super/cm-super-ts1.enc}]
<./Images/figure1_fda.png, id=365, 921.4425pt x 918.43124pt>
File: ./Images/figure1_fda.png Graphic file (type png)
<use ./Images/figure1_fda.png>
Package pdftex.def Info: ./Images/figure1_fda.png  used on input line 295.
(pdftex.def)             Requested size: 368.57048pt x 367.36598pt.
<./Images/figure2_fda.png, id=367, 921.4425pt x 1165.35374pt>
File: ./Images/figure2_fda.png Graphic file (type png)
<use ./Images/figure2_fda.png>
Package pdftex.def Info: ./Images/figure2_fda.png  used on input line 300.
(pdftex.def)             Requested size: 276.43488pt x 349.60883pt.
 [7 <./Images/figure1_fda.png>]
<./Images/tab1_fda.png, id=377, 1057.9525pt x 807.015pt>
File: ./Images/tab1_fda.png Graphic file (type png)
<use ./Images/tab1_fda.png>
Package pdftex.def Info: ./Images/tab1_fda.png  used on input line 313.
(pdftex.def)             Requested size: 317.3882pt x 242.10637pt.
 [8 <./Images/figure2_fda.png>]
<./Images/tab2_fda.png, id=385, 1059.96pt x 562.1pt>
File: ./Images/tab2_fda.png Graphic file (type png)
<use ./Images/tab2_fda.png>
Package pdftex.def Info: ./Images/tab2_fda.png  used on input line 321.
(pdftex.def)             Requested size: 317.99045pt x 168.6313pt.
 [9 <./Images/tab1_fda.png> <./Images/tab2_fda.png>] [10] [11] [12] [13] [14] [15] [16] [17] [18] [19] [20] [21] [22]
Chapter 3.
[23


]
<./Images/engNet_arch.png, id=515, 1001.7425pt x 274.02374pt>
File: ./Images/engNet_arch.png Graphic file (type png)
<use ./Images/engNet_arch.png>
Package pdftex.def Info: ./Images/engNet_arch.png  used on input line 580.
(pdftex.def)             Requested size: 400.6899pt x 109.60754pt.
<./Images/engNet_params.png, id=516, 1245.65375pt x 698.61pt>
File: ./Images/engNet_params.png Graphic file (type png)
<use ./Images/engNet_params.png>
Package pdftex.def Info: ./Images/engNet_params.png  used on input line 585.
(pdftex.def)             Requested size: 373.699pt x 209.58461pt.
 [24 <./Images/engNet_arch.png>]
<./Images/engNet_layers.png, id=524, 1754.555pt x 734.745pt>
File: ./Images/engNet_layers.png Graphic file (type png)
<use ./Images/engNet_layers.png>
Package pdftex.def Info: ./Images/engNet_layers.png  used on input line 612.
(pdftex.def)             Requested size: 438.63768pt x 183.68579pt.
 [25 <./Images/engNet_params.png>]
<./Images/engNet_accuracy.png, id=532, 784.9325pt x 445.665pt>
File: ./Images/engNet_accuracy.png Graphic file (type png)
<use ./Images/engNet_accuracy.png>
Package pdftex.def Info: ./Images/engNet_accuracy.png  used on input line 623.
(pdftex.def)             Requested size: 196.23264pt x 111.41597pt.
<./Images/engNet_f1score.png, id=533, 784.9325pt x 445.665pt>
File: ./Images/engNet_f1score.png Graphic file (type png)
<use ./Images/engNet_f1score.png>
Package pdftex.def Info: ./Images/engNet_f1score.png  used on input line 628.
(pdftex.def)             Requested size: 235.48155pt x 133.70053pt.
 [26 <./Images/engNet_layers.png> <./Images/engNet_accuracy.png> <./Images/engNet_f1score.png>]
Overfull \hbox (14.85849pt too wide) in paragraph at lines 645--646
\T1/cmr/m/n/12 be used for both code and data stor-age. [https://infocenter.nordicsemi.com/index.jsp?topic= 
 []

<./Images/memNRF.png, id=544, 1420.8282pt x 1033.461pt>
File: ./Images/memNRF.png Graphic file (type png)
<use ./Images/memNRF.png>
Package pdftex.def Info: ./Images/memNRF.png  used on input line 647.
(pdftex.def)             Requested size: 426.25175pt x 310.0407pt.
<./Images/memory2.png, id=545, 648.824pt x 766.865pt>
File: ./Images/memory2.png Graphic file (type png)
<use ./Images/memory2.png>
Package pdftex.def Info: ./Images/memory2.png  used on input line 649.
(pdftex.def)             Requested size: 259.525pt x 306.74057pt.
[27 <./Images/memNRF.png>] [28 <./Images/memory2.png>] [29] [30] [31]
Underfull \hbox (badness 10000) in paragraph at lines 832--832
[]|\T1/cmr/m/n/12 Methods'
 []


Underfull \hbox (badness 7047) in paragraph at lines 832--832
[]|\T1/cmr/m/n/12 No. of
 []


Underfull \hbox (badness 10000) in paragraph at lines 832--832
\T1/cmr/m/n/12 Se-lected
 []


Underfull \hbox (badness 10000) in paragraph at lines 832--832
\T1/cmr/m/n/12 Chan-
 []


Underfull \hbox (badness 10000) in paragraph at lines 832--832
\T1/cmr/m/n/12 nels/Total
 []


Underfull \hbox (badness 7047) in paragraph at lines 832--832
\T1/cmr/m/n/12 No. of
 []


Overfull \hbox (5.15431pt too wide) in paragraph at lines 834--834
[]|\T1/cmr/m/n/12 Afghanistan| 
 []


Overfull \hbox (5.15431pt too wide) in paragraph at lines 835--835
[]|\T1/cmr/m/n/12 Afghanistan| 
 []

[32] [33] [34]
<./Images/pso.png, id=661, 1405.25pt x 702.625pt>
File: ./Images/pso.png Graphic file (type png)
<use ./Images/pso.png>
Package pdftex.def Info: ./Images/pso.png  used on input line 891.
(pdftex.def)             Requested size: 491.84488pt x 245.92242pt.

Overfull \hbox (36.60077pt too wide) in paragraph at lines 891--892
[][] 
 []


Overfull \hbox (3.50215pt too wide) in paragraph at lines 895--897
[]\T1/cmr/m/n/12 PSO has also a bi-nary im-ple-men-ta-tion called Bi-nary Par-ti-cle Swarm Op-ti-miza-tion (BPSO).
 []

[35 <./Images/pso.png>]
Underfull \hbox (badness 7047) in paragraph at lines 917--917
[]|\T1/cmr/m/n/12 No. of
 []


Underfull \hbox (badness 10000) in paragraph at lines 917--917
\T1/cmr/m/n/12 Se-lected
 []


Underfull \hbox (badness 10000) in paragraph at lines 917--917
\T1/cmr/m/n/12 Chan-
 []


Underfull \hbox (badness 10000) in paragraph at lines 917--917
\T1/cmr/m/n/12 nels/Total
 []


Underfull \hbox (badness 7047) in paragraph at lines 917--917
\T1/cmr/m/n/12 No. of
 []

[36] [37]
Package epstopdf Info: Source file: <./Images/./raggiera_polimi.eps>
(epstopdf)                    date: 2024-01-31 18:38:34
(epstopdf)                    size: 1813066 bytes
(epstopdf)             Output file: <./Images/./raggiera_polimi-eps-converted-to.pdf>
(epstopdf)                    date: 2024-01-31 18:38:40
(epstopdf)                    size: 40456 bytes
(epstopdf)             Command: <repstopdf --outfile=./Images/./raggiera_polimi-eps-converted-to.pdf ./Images/./raggiera_polimi.eps>
(epstopdf)             \includegraphics on input line 1009.
Package epstopdf Info: Output file is already uptodate.
File: ./Images/./raggiera_polimi-eps-converted-to.pdf Graphic file (type pdf)
<use ./Images/./raggiera_polimi-eps-converted-to.pdf>
Package pdftex.def Info: ./Images/./raggiera_polimi-eps-converted-to.pdf  used on input line 1009.
(pdftex.def)             Requested size: 507.88533pt x 507.88051pt.
 [38

]
Chapter 4.
(./thesis.bbl [39

]
Package epstopdf Info: Source file: <./Images/./raggiera_polimi.eps>
(epstopdf)                    date: 2024-01-31 18:38:34
(epstopdf)                    size: 1813066 bytes
(epstopdf)             Output file: <./Images/./raggiera_polimi-eps-converted-to.pdf>
(epstopdf)                    date: 2024-01-31 18:38:40
(epstopdf)                    size: 40456 bytes
(epstopdf)             Command: <repstopdf --outfile=./Images/./raggiera_polimi-eps-converted-to.pdf ./Images/./raggiera_polimi.eps>
(epstopdf)             \includegraphics on input line 1.
Package epstopdf Info: Output file is already uptodate.
File: ./Images/./raggiera_polimi-eps-converted-to.pdf Graphic file (type pdf)
<use ./Images/./raggiera_polimi-eps-converted-to.pdf>
Package pdftex.def Info: ./Images/./raggiera_polimi-eps-converted-to.pdf  used on input line 1.
(pdftex.def)             Requested size: 507.88533pt x 507.88051pt.
 [40

]
Underfull \hbox (badness 10000) in paragraph at lines 12--14
[]\T1/cmr/m/n/12 CFR - Code of Fed-eral Reg-u-la-tions Ti-tle 21.
 []


Overfull \hbox (22.8609pt too wide) in paragraph at lines 12--14
\T1/cmr/m/n/12 https://www.accessdata.fda.gov/scripts/cdrh/cfdocs/cfcfr/CFRSearch.cfm?fr=882.5870. 
 []


Overfull \hbox (210.10612pt too wide) in paragraph at lines 16--18
[]\T1/cmr/m/n/12 Chapter 7.1.  https://www.woah.org/fileadmin/Home/eng/Health_standards/tahc/2016/en_chapitre_aw_introduction.htm. 
 []


Underfull \hbox (badness 5696) in paragraph at lines 20--22
[]\T1/cmr/m/n/12 Code of Vir-ginia Code - Chap-ter 53. Con-sumer Data Pro-tec-tion Act.
 []


Underfull \hbox (badness 10000) in paragraph at lines 38--40
[]\T1/cmr/m/n/12 ISO - In-ter-na-tional Or-ga-ni-za-tion for Stan-dard-iza-tion.
 []


Underfull \hbox (badness 10000) in paragraph at lines 42--44
[]\T1/cmr/m/n/12 L_2016119EN.01000101.xml.  https://eur-lex.europa.eu/legal-
 []


Underfull \hbox (badness 10000) in paragraph at lines 46--48
[]\T1/cmr/m/n/12 Medical de-vices | Eu-ro-pean Medicines Agency.
 []


Underfull \hbox (badness 10000) in paragraph at lines 50--52
[]\T1/cmr/m/n/12 New: Re-vised Q&A Re-source on Reg-u-la-tion (EU) 2023/607.
 []


Underfull \hbox (badness 10000) in paragraph at lines 54--56
[]\T1/cmr/m/n/12 Recognized Con-sen-sus Stan-dards: Med-i-cal De-vices.
 []


Overfull \hbox (160.04538pt too wide) in paragraph at lines 54--56
\T1/cmr/m/n/12 https://www.accessdata.fda.gov/scripts/cdrh/cfdocs/cfStandards/detail.cfm?standard__identification_no=35548. 
 []

[41

] [42]
Underfull \hbox (badness 1776) in paragraph at lines 112--115
\T1/cmr/m/n/12 man-age-ment pro-cess".  https://www.fda.gov/regulatory-information/search-fda-
 []


Underfull \hbox (badness 10000) in paragraph at lines 112--115
\T1/cmr/m/n/12 guidance-documents/use-international-standard-iso-10993-1-biological-evaluation-
 []


Underfull \hbox (badness 10000) in paragraph at lines 127--130
\T1/cmr/m/n/12 information/search-fda-guidance-documents/cybersecurity-medical-devices-quality-
 []


Underfull \hbox (badness 10000) in paragraph at lines 127--130
\T1/cmr/m/n/12 system-considerations-and-content-premarket-submissions, Tue, 09/26/2023 -
 []

[43] [44]) [45]
Package epstopdf Info: Source file: <./Images/./raggiera_polimi.eps>
(epstopdf)                    date: 2024-01-31 18:38:34
(epstopdf)                    size: 1813066 bytes
(epstopdf)             Output file: <./Images/./raggiera_polimi-eps-converted-to.pdf>
(epstopdf)                    date: 2024-01-31 18:38:40
(epstopdf)                    size: 40456 bytes
(epstopdf)             Command: <repstopdf --outfile=./Images/./raggiera_polimi-eps-converted-to.pdf ./Images/./raggiera_polimi.eps>
(epstopdf)             \includegraphics on input line 1026.
Package epstopdf Info: Output file is already uptodate.
File: ./Images/./raggiera_polimi-eps-converted-to.pdf Graphic file (type pdf)
<use ./Images/./raggiera_polimi-eps-converted-to.pdf>
Package pdftex.def Info: ./Images/./raggiera_polimi-eps-converted-to.pdf  used on input line 1026.
(pdftex.def)             Requested size: 507.88533pt x 507.88051pt.
 [46

]
Appendix A.
[47


]
Package epstopdf Info: Source file: <./Images/./raggiera_polimi.eps>
(epstopdf)                    date: 2024-01-31 18:38:34
(epstopdf)                    size: 1813066 bytes
(epstopdf)             Output file: <./Images/./raggiera_polimi-eps-converted-to.pdf>
(epstopdf)                    date: 2024-01-31 18:38:40
(epstopdf)                    size: 40456 bytes
(epstopdf)             Command: <repstopdf --outfile=./Images/./raggiera_polimi-eps-converted-to.pdf ./Images/./raggiera_polimi.eps>
(epstopdf)             \includegraphics on input line 1034.
Package epstopdf Info: Output file is already uptodate.
File: ./Images/./raggiera_polimi-eps-converted-to.pdf Graphic file (type pdf)
<use ./Images/./raggiera_polimi-eps-converted-to.pdf>
Package pdftex.def Info: ./Images/./raggiera_polimi-eps-converted-to.pdf  used on input line 1034.
(pdftex.def)             Requested size: 507.88533pt x 507.88051pt.
 [48

]
Appendix B.
[49

]
Package epstopdf Info: Source file: <./Images/./raggiera_polimi.eps>
(epstopdf)                    date: 2024-01-31 18:38:34
(epstopdf)                    size: 1813066 bytes
(epstopdf)             Output file: <./Images/./raggiera_polimi-eps-converted-to.pdf>
(epstopdf)                    date: 2024-01-31 18:38:40
(epstopdf)                    size: 40456 bytes
(epstopdf)             Command: <repstopdf --outfile=./Images/./raggiera_polimi-eps-converted-to.pdf ./Images/./raggiera_polimi.eps>
(epstopdf)             \includegraphics on input line 1039.
Package epstopdf Info: Output file is already uptodate.
File: ./Images/./raggiera_polimi-eps-converted-to.pdf Graphic file (type pdf)
<use ./Images/./raggiera_polimi-eps-converted-to.pdf>
Package pdftex.def Info: ./Images/./raggiera_polimi-eps-converted-to.pdf  used on input line 1039.
(pdftex.def)             Requested size: 507.88533pt x 507.88051pt.
 [50

] (./thesis.lof)
\tf@lof=\write6
\openout6 = `thesis.lof'.

 [51

]
Package epstopdf Info: Source file: <./Images/./raggiera_polimi.eps>
(epstopdf)                    date: 2024-01-31 18:38:34
(epstopdf)                    size: 1813066 bytes
(epstopdf)             Output file: <./Images/./raggiera_polimi-eps-converted-to.pdf>
(epstopdf)                    date: 2024-01-31 18:38:40
(epstopdf)                    size: 40456 bytes
(epstopdf)             Command: <repstopdf --outfile=./Images/./raggiera_polimi-eps-converted-to.pdf ./Images/./raggiera_polimi.eps>
(epstopdf)             \includegraphics on input line 1042.
Package epstopdf Info: Output file is already uptodate.
File: ./Images/./raggiera_polimi-eps-converted-to.pdf Graphic file (type pdf)
<use ./Images/./raggiera_polimi-eps-converted-to.pdf>
Package pdftex.def Info: ./Images/./raggiera_polimi-eps-converted-to.pdf  used on input line 1042.
(pdftex.def)             Requested size: 507.88533pt x 507.88051pt.
 [52

] (./thesis.lot)
\tf@lot=\write7
\openout7 = `thesis.lot'.

 [53

]
Package epstopdf Info: Source file: <./Images/./raggiera_polimi.eps>
(epstopdf)                    date: 2024-01-31 18:38:34
(epstopdf)                    size: 1813066 bytes
(epstopdf)             Output file: <./Images/./raggiera_polimi-eps-converted-to.pdf>
(epstopdf)                    date: 2024-01-31 18:38:40
(epstopdf)                    size: 40456 bytes
(epstopdf)             Command: <repstopdf --outfile=./Images/./raggiera_polimi-eps-converted-to.pdf ./Images/./raggiera_polimi.eps>
(epstopdf)             \includegraphics on input line 1046.
Package epstopdf Info: Output file is already uptodate.
File: ./Images/./raggiera_polimi-eps-converted-to.pdf Graphic file (type pdf)
<use ./Images/./raggiera_polimi-eps-converted-to.pdf>
Package pdftex.def Info: ./Images/./raggiera_polimi-eps-converted-to.pdf  used on input line 1046.
(pdftex.def)             Requested size: 507.88533pt x 507.88051pt.
 [54

] [55

]
Package epstopdf Info: Source file: <./Images/./raggiera_polimi.eps>
(epstopdf)                    date: 2024-01-31 18:38:34
(epstopdf)                    size: 1813066 bytes
(epstopdf)             Output file: <./Images/./raggiera_polimi-eps-converted-to.pdf>
(epstopdf)                    date: 2024-01-31 18:38:40
(epstopdf)                    size: 40456 bytes
(epstopdf)             Command: <repstopdf --outfile=./Images/./raggiera_polimi-eps-converted-to.pdf ./Images/./raggiera_polimi.eps>
(epstopdf)             \includegraphics on input line 1057.
Package epstopdf Info: Output file is already uptodate.
File: ./Images/./raggiera_polimi-eps-converted-to.pdf Graphic file (type pdf)
<use ./Images/./raggiera_polimi-eps-converted-to.pdf>
Package pdftex.def Info: ./Images/./raggiera_polimi-eps-converted-to.pdf  used on input line 1057.
(pdftex.def)             Requested size: 507.88533pt x 507.88051pt.
 [56

] [57

]
Package epstopdf Info: Source file: <./Images/./raggiera_polimi.eps>
(epstopdf)                    date: 2024-01-31 18:38:34
(epstopdf)                    size: 1813066 bytes
(epstopdf)             Output file: <./Images/./raggiera_polimi-eps-converted-to.pdf>
(epstopdf)                    date: 2024-01-31 18:38:40
(epstopdf)                    size: 40456 bytes
(epstopdf)             Command: <repstopdf --outfile=./Images/./raggiera_polimi-eps-converted-to.pdf ./Images/./raggiera_polimi.eps>
(epstopdf)             \includegraphics on input line 1061.
Package epstopdf Info: Output file is already uptodate.
File: ./Images/./raggiera_polimi-eps-converted-to.pdf Graphic file (type pdf)
<use ./Images/./raggiera_polimi-eps-converted-to.pdf>
Package pdftex.def Info: ./Images/./raggiera_polimi-eps-converted-to.pdf  used on input line 1061.
(pdftex.def)             Requested size: 507.88533pt x 507.88051pt.
 [58

]

Package caption Warning: Unused \captionsetup[algorithm] on input line 13.
See the caption package documentation for explanation.

(./thesis.aux)
 ***********
LaTeX2e <2023-11-01> patch level 1
L3 programming layer <2024-02-20>
 ***********
Package rerunfilecheck Info: File `thesis.out' has not changed.
(rerunfilecheck)             Checksum: 7A7CA7F48531E12291B2850E97626A7D;8439.
 ) 
Here is how much of TeX's memory you used:
 30459 strings out of 474116
 581622 string characters out of 5733619
 1947187 words of memory out of 5000000
 52007 multiletter control sequences out of 15000+600000
 576431 words of font info for 78 fonts, out of 8000000 for 9000
 1141 hyphenation exceptions out of 8191
 84i,12n,93p,1712b,710s stack positions out of 10000i,1000n,20000p,200000b,200000s
</opt/homebrew/Cellar/texlive/20240312/share/texmf-dist/fonts/type1/public/amsfonts/cm/cmbx12.pfb></opt/homebrew/Cellar/texlive/20240312/share/texmf-dist/fonts/type1/public/amsfonts/cm/cmex10.pfb></opt/homebrew/Cellar/texlive/20240312/share/texmf-dist/fonts/type1/public/amsfonts/cm/cmmi12.pfb></opt/homebrew/Cellar/texlive/20240312/share/texmf-dist/fonts/type1/public/amsfonts/cm/cmmi6.pfb></opt/homebrew/Cellar/texlive/20240312/share/texmf-dist/fonts/type1/public/amsfonts/cm/cmmi8.pfb></opt/homebrew/Cellar/texlive/20240312/share/texmf-dist/fonts/type1/public/amsfonts/cm/cmmib10.pfb></opt/homebrew/Cellar/texlive/20240312/share/texmf-dist/fonts/type1/public/amsfonts/cm/cmr12.pfb></opt/homebrew/Cellar/texlive/20240312/share/texmf-dist/fonts/type1/public/amsfonts/cm/cmr6.pfb></opt/homebrew/Cellar/texlive/20240312/share/texmf-dist/fonts/type1/public/amsfonts/cm/cmr8.pfb></opt/homebrew/Cellar/texlive/20240312/share/texmf-dist/fonts/type1/public/amsfonts/cm/cmsy10.pfb></opt/homebrew/Cellar/texlive/20240312/share/texmf-dist/fonts/type1/public/amsfonts/cm/cmsy8.pfb></opt/homebrew/Cellar/texlive/20240312/share/texmf-dist/fonts/type1/public/cm-super/sfbx1200.pfb></opt/homebrew/Cellar/texlive/20240312/share/texmf-dist/fonts/type1/public/cm-super/sfrm1200.pfb></opt/homebrew/Cellar/texlive/20240312/share/texmf-dist/fonts/type1/public/cm-super/sfrm1728.pfb></opt/homebrew/Cellar/texlive/20240312/share/texmf-dist/fonts/type1/public/cm-super/sfti1200.pfb></opt/homebrew/Cellar/texlive/20240312/share/texmf-dist/fonts/type1/public/cm-super/sfxc1200.pfb>
Output written on thesis.pdf (66 pages, 4047996 bytes).
PDF statistics:
 929 PDF objects out of 1000 (max. 8388607)
 789 compressed objects within 8 object streams
 249 named destinations out of 1000 (max. 500000)
 505 words of extra memory for PDF output out of 10000 (max. 10000000)

