\BOOKMARK [0][-]{chapter*.2}{\376\377\000A\000b\000s\000t\000r\000a\000c\000t}{}% 1
\BOOKMARK [0][-]{chapter*.4}{\376\377\000A\000b\000s\000t\000r\000a\000c\000t\000\040\000i\000n\000\040\000l\000i\000n\000g\000u\000a\000\040\000i\000t\000a\000l\000i\000a\000n\000a}{}% 2
\BOOKMARK [0][-]{chapter*.6}{\376\377\000C\000o\000n\000t\000e\000n\000t\000s}{}% 3
\BOOKMARK [0][-]{chapter.1}{\376\377\000I\000n\000t\000r\000o\000d\000u\000c\000t\000i\000o\000n}{}% 4
\BOOKMARK [1][-]{section.1.1}{\376\377\000P\000N\000R\000e\000l\000a\000y\000\040\000p\000r\000o\000j\000e\000c\000t}{chapter.1}% 5
\BOOKMARK [2][-]{subsection.1.1.1}{\376\377\000P\000N\000R\000e\000l\000a\000y\000\040\000S\000e\000t\000u\000p}{section.1.1}% 6
\BOOKMARK [2][-]{subsection.1.1.2}{\376\377\000P\000N\000R\000e\000l\000a\000y\000\040\000f\000u\000n\000c\000t\000i\000o\000n\000a\000l\000i\000t\000y\000\040\000\050\000c\000h\000i\000a\000r\000a\000\040\000o\000b\000j\000e\000c\000t\000i\000v\000e\000s\000\051}{section.1.1}% 7
\BOOKMARK [2][-]{subsection.1.1.3}{\376\377\000T\000h\000e\000s\000i\000s\000\040\000o\000u\000t\000l\000i\000n\000e}{section.1.1}% 8
\BOOKMARK [0][-]{chapter.2}{\376\377\000B\000a\000c\000k\000g\000r\000o\000u\000n\000d}{}% 9
\BOOKMARK [1][-]{section.2.1}{\376\377\000N\000e\000r\000v\000o\000u\000s\000\040\000S\000y\000s\000t\000e\000m\000s}{chapter.2}% 10
\BOOKMARK [2][-]{subsection.2.1.1}{\376\377\000C\000e\000n\000t\000r\000a\000l\000\040\000n\000e\000r\000v\000o\000u\000s\000\040\000s\000y\000s\000t\000e\000m}{section.2.1}% 11
\BOOKMARK [2][-]{subsection.2.1.2}{\376\377\000P\000e\000r\000i\000p\000h\000e\000r\000a\000l\000\040\000n\000e\000r\000v\000o\000u\000s\000\040\000s\000y\000s\000t\000e\000m}{section.2.1}% 12
\BOOKMARK [1][-]{section.2.2}{\376\377\000I\000m\000p\000l\000a\000n\000t\000e\000d\000\040\000m\000e\000d\000i\000c\000a\000l\000\040\000d\000e\000v\000i\000c\000e\000s\000\040\000n\000o\000r\000m\000a\000t\000i\000v\000e\000\040\000a\000n\000d\000\040\000r\000e\000g\000u\000l\000a\000t\000i\000o\000n}{chapter.2}% 13
\BOOKMARK [2][-]{subsection.2.2.1}{\376\377\000F\000D\000A}{section.2.2}% 14
\BOOKMARK [2][-]{subsection.2.2.2}{\376\377\000M\000e\000d\000i\000c\000a\000l\000\040\000s\000o\000f\000t\000w\000a\000r\000e\000\040\000r\000e\000g\000u\000l\000a\000t\000i\000o\000n}{section.2.2}% 15
\BOOKMARK [2][-]{subsection.2.2.3}{\376\377\000N\000o\000r\000m\000a\000t\000i\000v\000e\000s\000\040\000f\000o\000r\000\040\000w\000i\000r\000e\000l\000e\000s\000s\000\040\000d\000e\000v\000i\000c\000e\000s}{section.2.2}% 16
\BOOKMARK [2][-]{subsection.2.2.4}{\376\377\000F\000D\000A\000\040\000M\000e\000d\000i\000c\000a\000l\000\040\000d\000e\000v\000i\000c\000e\000s\000\040\000c\000y\000b\000e\000r\000s\000e\000c\000u\000r\000i\000t\000y\000\040}{section.2.2}% 17
\BOOKMARK [1][-]{section.2.3}{\376\377\000E\000t\000h\000i\000c\000a\000l\000\040\000c\000o\000n\000c\000e\000r\000n\000s}{chapter.2}% 18
\BOOKMARK [2][-]{subsection.2.3.1}{\376\377\000A\000n\000i\000m\000a\000l\000\040\000w\000e\000l\000f\000a\000r\000e\000\040}{section.2.3}% 19
\BOOKMARK [2][-]{subsection.2.3.2}{\376\377\000N\000e\000e\000d\000\040\000o\000f\000\040\000r\000e\000s\000e\000a\000r\000c\000h}{section.2.3}% 20
\BOOKMARK [2][-]{subsection.2.3.3}{\376\377\000S\000a\000f\000e\000t\000y\000\040\000o\000f\000\040\000t\000h\000e\000\040\000p\000a\000t\000i\000e\000n\000t}{section.2.3}% 21
\BOOKMARK [2][-]{subsection.2.3.4}{\376\377\000I\000n\000c\000l\000u\000s\000i\000v\000i\000t\000y}{section.2.3}% 22
\BOOKMARK [2][-]{subsection.2.3.5}{\376\377\000I\000n\000f\000o\000r\000m\000e\000d\000\040\000a\000g\000r\000e\000e\000m\000e\000n\000t\000\040}{section.2.3}% 23
\BOOKMARK [2][-]{subsection.2.3.6}{\376\377\000P\000r\000i\000v\000a\000c\000y\000\040\000a\000n\000d\000\040\000s\000u\000r\000v\000e\000i\000l\000l\000a\000n\000c\000e}{section.2.3}% 24
\BOOKMARK [0][-]{chapter.3}{\376\377\000S\000t\000a\000t\000e\000\040\000o\000f\000\040\000t\000h\000e\000\040\000A\000r\000t}{}% 25
\BOOKMARK [1][-]{section.3.1}{\376\377\000B\000l\000u\000e\000t\000o\000o\000t\000h\000\040\000L\000o\000w\000\040\000E\000n\000e\000r\000g\000y}{chapter.3}% 26
\BOOKMARK [1][-]{section.3.2}{\376\377\000I\000n\000t\000r\000o\000d\000u\000c\000t\000i\000o\000n}{chapter.3}% 27
\BOOKMARK [2][-]{subsection.3.2.1}{\376\377\000A\000T\000T\000\040\000a\000n\000d\000\040\000G\000A\000T\000T}{section.3.2}% 28
\BOOKMARK [1][-]{section.3.3}{\376\377\000C\000o\000m\000m\000u\000n\000i\000c\000a\000t\000i\000o\000n\000\040\000s\000y\000s\000t\000e\000m}{chapter.3}% 29
\BOOKMARK [2][-]{subsection.3.3.1}{\376\377\000P\000r\000e\000v\000i\000o\000u\000s\000\040\000c\000o\000d\000e\000\040\000i\000m\000p\000l\000e\000m\000e\000n\000t\000a\000t\000i\000o\000n}{section.3.3}% 30
\BOOKMARK [2][-]{subsection.3.3.2}{\376\377\000M\000a\000t\000l\000a\000b\000\040\000s\000c\000r\000i\000p\000t\000s}{section.3.3}% 31
\BOOKMARK [2][-]{subsection.3.3.3}{\376\377\000O\000f\000f\000l\000i\000n\000e\000\040\000t\000r\000a\000n\000s\000m\000i\000t\000t\000e\000r\000\040\000c\000o\000d\000e}{section.3.3}% 32
\BOOKMARK [2][-]{subsection.3.3.4}{\376\377\000O\000n\000l\000i\000n\000e\000\040\000t\000r\000a\000n\000s\000m\000i\000t\000t\000e\000r\000\040\000c\000o\000d\000e}{section.3.3}% 33
\BOOKMARK [1][-]{section.3.4}{\376\377\000S\000e\000c\000u\000r\000i\000t\000y\000\040\000i\000n\000\040\000B\000l\000u\000e\000t\000o\000o\000t\000h\000\040\000L\000o\000w\000\040\000E\000n\000e\000r\000g\000y}{chapter.3}% 34
\BOOKMARK [2][-]{subsection.3.4.1}{\376\377\000P\000a\000i\000r\000i\000n\000g}{section.3.4}% 35
\BOOKMARK [2][-]{subsection.3.4.2}{\376\377\000B\000o\000n\000d\000i\000n\000g}{section.3.4}% 36
\BOOKMARK [2][-]{subsection.3.4.3}{\376\377\000L\000e\000g\000a\000c\000y\000\040\000P\000a\000i\000r\000i\000n\000g\000\040\000a\000n\000d\000\040\000L\000o\000w\000\040\000E\000n\000e\000r\000g\000y\000\040\000S\000e\000c\000u\000r\000e\000\040\000C\000o\000n\000n\000e\000c\000t\000i\000o\000n\000\040\000\050\000L\000E\000-\000S\000C\000\051}{section.3.4}% 37
\BOOKMARK [2][-]{subsection.3.4.4}{\376\377\000A\000s\000s\000o\000c\000i\000a\000t\000i\000o\000n\000\040\000M\000o\000d\000e\000s}{section.3.4}% 38
\BOOKMARK [2][-]{subsection.3.4.5}{\376\377\000O\000u\000t\000\040\000o\000f\000\040\000B\000a\000n\000d\000\040\000A\000s\000s\000o\000c\000i\000a\000t\000i\000o\000n\000\040\000M\000o\000d\000e}{section.3.4}% 39
\BOOKMARK [2][-]{subsection.3.4.6}{\376\377\000G\000e\000n\000e\000r\000a\000t\000i\000o\000n\000\040\000o\000f\000\040\000L\000T\000K\000\040\000a\000n\000d\000\040\000M\000A\000C\000k\000e\000y}{section.3.4}% 40
\BOOKMARK [2][-]{subsection.3.4.7}{\376\377\000E\000n\000c\000r\000y\000p\000t\000i\000o\000n}{section.3.4}% 41
\BOOKMARK [2][-]{subsection.3.4.8}{\376\377\000M\000a\000n\000-\000i\000n\000-\000t\000h\000e\000-\000M\000i\000d\000d\000l\000e\000\040\000A\000t\000t\000a\000c\000k}{section.3.4}% 42
\BOOKMARK [2][-]{subsection.3.4.9}{\376\377\000M\000o\000d\000e\000s\000\040\0002\000\040\000a\000n\000d\000\040\0003}{section.3.4}% 43
\BOOKMARK [2][-]{subsection.3.4.10}{\376\377\000C\000o\000m\000m\000u\000n\000i\000c\000a\000t\000i\000o\000n\000\040\000s\000p\000e\000e\000d}{section.3.4}% 44
\BOOKMARK [2][-]{subsection.3.4.11}{\376\377\000E\000N\000G\000N\000e\000t\000:\000\040\000a\000d\000v\000a\000n\000t\000a\000g\000e\000s\000\040\000a\000n\000d\000\040\000s\000h\000o\000r\000t\000c\000o\000m\000i\000n\000g\000s}{section.3.4}% 45
\BOOKMARK [2][-]{subsection.3.4.12}{\376\377\000E\000N\000G\000N\000e\000t\000\040\000a\000r\000c\000h\000i\000t\000e\000c\000t\000u\000r\000e}{section.3.4}% 46
\BOOKMARK [2][-]{subsection.3.4.13}{\376\377\000C\000l\000a\000s\000s\000i\000f\000i\000c\000a\000t\000i\000o\000n\000\040\000p\000e\000r\000f\000o\000r\000m\000a\000n\000c\000e\000\040\000m\000e\000t\000r\000i\000c\000s}{section.3.4}% 47
\BOOKMARK [2][-]{subsection.3.4.14}{\376\377\000E\000N\000G\000N\000e\000t\000\040\000r\000e\000s\000u\000l\000t\000s}{section.3.4}% 48
\BOOKMARK [1][-]{section.3.5}{\376\377\000n\000r\000f\0005\0002\0008\0000\000\040\000B\000o\000a\000r\000d\000\040\000p\000r\000o\000s\000\040\000a\000n\000d\000\040\000c\000o\000n\000s}{chapter.3}% 49
\BOOKMARK [1][-]{section.3.6}{\376\377\000P\000o\000w\000e\000r\000\040\000S\000u\000p\000p\000l\000i\000e\000r}{chapter.3}% 50
\BOOKMARK [1][-]{section.3.7}{\376\377\000M\000e\000m\000o\000r\000y\000\040\000m\000a\000n\000a\000g\000e\000m\000e\000n\000t}{chapter.3}% 51
\BOOKMARK [1][-]{section.3.8}{\376\377\000I\000n\000t\000r\000o\000d\000u\000c\000t\000i\000o\000n}{chapter.3}% 52
\BOOKMARK [1][-]{section.3.9}{\376\377\000O\000v\000e\000r\000v\000i\000e\000w\000\040\000o\000f\000\040\000t\000h\000e\000\040\000A\000d\000d\000r\000e\000s\000s\000\040\000M\000a\000p}{chapter.3}% 53
\BOOKMARK [1][-]{section.3.10}{\376\377\000S\000y\000s\000t\000e\000m\000\040\000A\000d\000d\000r\000e\000s\000s\000\040\000M\000a\000p}{chapter.3}% 54
\BOOKMARK [2][-]{subsection.3.10.1}{\376\377\000D\000e\000v\000i\000c\000e\000\040\000S\000p\000a\000c\000e\000\040\000\050\0000\000x\000E\0000\0000\0000\0000\0000\0000\0000\000\040\000-\000\040\0000\000x\000F\000F\000F\000F\000F\000F\000F\000F\000\051}{section.3.10}% 55
\BOOKMARK [2][-]{subsection.3.10.2}{\376\377\000R\000A\000M\000\040\000\050\0000\000x\0008\0000\0000\0000\0000\0000\0000\0000\000\040\000-\000\040\0000\000x\000B\000F\000F\000F\000F\000F\000F\000F\000\051}{section.3.10}% 56
\BOOKMARK [2][-]{subsection.3.10.3}{\376\377\000P\000e\000r\000i\000p\000h\000e\000r\000a\000l\000\040\000S\000p\000a\000c\000e\000\040\000\050\0000\000x\0006\0000\0000\0000\0000\0000\0000\0000\000\040\000-\000\040\0000\000x\0007\000F\000F\000F\000F\000F\000F\000F\000\051}{section.3.10}% 57
\BOOKMARK [2][-]{subsection.3.10.4}{\376\377\000S\000R\000A\000M\000\040\000\050\0000\000x\0004\0000\0000\0000\0000\0000\0000\0000\000\040\000-\000\040\0000\000x\0005\000F\000F\000F\000F\000F\000F\000F\000\051}{section.3.10}% 58
\BOOKMARK [2][-]{subsection.3.10.5}{\376\377\000C\000o\000d\000e\000\040\000S\000p\000a\000c\000e\000\040\000\050\0000\000x\0000\0000\0000\0000\0000\0000\0000\0000\000\040\000-\000\040\0000\000x\0001\000F\000F\000F\000F\000F\000F\000F\000\051}{section.3.10}% 59
\BOOKMARK [1][-]{section.3.11}{\376\377\000P\000e\000r\000i\000p\000h\000e\000r\000a\000l\000\040\000A\000d\000d\000r\000e\000s\000s\000\040\000M\000a\000p}{chapter.3}% 60
\BOOKMARK [2][-]{subsection.3.11.1}{\376\377\000P\000r\000i\000v\000a\000t\000e\000\040\000P\000e\000r\000i\000p\000h\000e\000r\000a\000l\000\040\000B\000u\000s\000\040\000\050\0000\000x\000E\0000\0000\0000\0000\0000\0000\0000\000\051}{section.3.11}% 61
\BOOKMARK [2][-]{subsection.3.11.2}{\376\377\000A\000H\000B\000\040\000P\000e\000r\000i\000p\000h\000e\000r\000a\000l\000s\000\040\000\050\0000\000x\0005\0000\0000\0000\0000\0000\0000\0000\000\051}{section.3.11}% 62
\BOOKMARK [2][-]{subsection.3.11.3}{\376\377\000A\000P\000B\000\040\000P\000e\000r\000i\000p\000h\000e\000r\000a\000l\000s\000\040\000\050\0000\000x\0004\0000\0000\0000\0000\0000\0000\0000\000\051}{section.3.11}% 63
\BOOKMARK [1][-]{section.3.12}{\376\377\000D\000e\000t\000a\000i\000l\000e\000d\000\040\000A\000d\000d\000r\000e\000s\000s\000\040\000R\000a\000n\000g\000e\000s\000\040\000a\000n\000d\000\040\000U\000s\000a\000g\000e}{chapter.3}% 64
\BOOKMARK [2][-]{subsection.3.12.1}{\376\377\000F\000l\000a\000s\000h\000\040\000M\000e\000m\000o\000r\000y\000\040\000\050\0000\000x\0000\0000\0000\0000\0000\0000\0000\0000\000\040\000-\000\040\0000\000x\0000\0000\0007\000F\000F\000F\000F\000F\000\051}{section.3.12}% 65
\BOOKMARK [2][-]{subsection.3.12.2}{\376\377\000C\000o\000d\000e\000\040\000R\000A\000M\000\040\000\050\0000\000x\0000\0000\0008\0000\0000\0000\0000\0000\000\040\000-\000\040\0000\000x\0000\0000\000F\000F\000F\000F\000F\000F\000\051}{section.3.12}% 66
\BOOKMARK [2][-]{subsection.3.12.3}{\376\377\000F\000I\000C\000R\000\040\000\050\0000\000x\0001\0000\0000\0000\0000\0000\0000\0000\000\040\000-\000\040\0000\000x\0001\0000\0000\0000\0000\000F\000F\000F\000\051}{section.3.12}% 67
\BOOKMARK [2][-]{subsection.3.12.4}{\376\377\000U\000I\000C\000R\000\040\000\050\0000\000x\0001\0002\0000\0000\0000\0000\0000\0000\000\040\000-\000\040\0000\000x\0001\0002\0000\0000\0000\000F\000F\000F\000\051}{section.3.12}% 68
\BOOKMARK [2][-]{subsection.3.12.5}{\376\377\000X\000I\000P\000\040\000\050\0000\000x\0001\0009\000F\000F\000F\000F\000F\000F\000\040\000-\000\040\0000\000x\0002\0000\0000\0000\0000\0000\0000\0000\000\051}{section.3.12}% 69
\BOOKMARK [1][-]{section.3.13}{\376\377\000S\000u\000m\000m\000a\000r\000y}{chapter.3}% 70
\BOOKMARK [1][-]{section.3.14}{\376\377\000O\000b\000s\000e\000r\000v\000a\000t\000i\000o\000n\000s\000\040\000a\000n\000d\000\040\000R\000e\000c\000o\000m\000m\000e\000n\000d\000a\000t\000i\000o\000n\000s}{chapter.3}% 71
\BOOKMARK [2][-]{subsection.3.14.1}{\376\377\000U\000t\000i\000l\000i\000z\000i\000n\000g\000\040\000F\000l\000a\000s\000h\000\040\000M\000e\000m\000o\000r\000y\000\040\000f\000o\000r\000\040\000C\000o\000d\000e\000\040\000S\000t\000o\000r\000a\000g\000e}{section.3.14}% 72
\BOOKMARK [2][-]{subsection.3.14.2}{\376\377\000E\000f\000f\000i\000c\000i\000e\000n\000t\000\040\000U\000s\000e\000\040\000o\000f\000\040\000C\000o\000d\000e\000\040\000R\000A\000M}{section.3.14}% 73
\BOOKMARK [2][-]{subsection.3.14.3}{\376\377\000M\000a\000n\000a\000g\000i\000n\000g\000\040\000V\000o\000l\000a\000t\000i\000l\000e\000\040\000D\000a\000t\000a\000\040\000w\000i\000t\000h\000\040\000S\000R\000A\000M}{section.3.14}% 74
\BOOKMARK [2][-]{subsection.3.14.4}{\376\377\000L\000e\000v\000e\000r\000a\000g\000i\000n\000g\000\040\000X\000I\000P\000\040\000f\000o\000r\000\040\000E\000x\000t\000e\000r\000n\000a\000l\000\040\000C\000o\000d\000e\000\040\000E\000x\000e\000c\000u\000t\000i\000o\000n}{section.3.14}% 75
\BOOKMARK [2][-]{subsection.3.14.5}{\376\377\000U\000s\000i\000n\000g\000\040\000F\000I\000C\000R\000\040\000a\000n\000d\000\040\000U\000I\000C\000R\000\040\000f\000o\000r\000\040\000C\000o\000n\000f\000i\000g\000u\000r\000a\000t\000i\000o\000n\000\040\000D\000a\000t\000a}{section.3.14}% 76
\BOOKMARK [2][-]{subsection.3.14.6}{\376\377\000O\000p\000t\000i\000m\000i\000z\000i\000n\000g\000\040\000P\000e\000r\000i\000p\000h\000e\000r\000a\000l\000\040\000A\000c\000c\000e\000s\000s}{section.3.14}% 77
\BOOKMARK [2][-]{subsection.3.14.7}{\376\377\000B\000a\000l\000a\000n\000c\000i\000n\000g\000\040\000R\000A\000M\000\040\000a\000n\000d\000\040\000P\000e\000r\000i\000p\000h\000e\000r\000a\000l\000\040\000U\000s\000a\000g\000e}{section.3.14}% 78
\BOOKMARK [1][-]{section.3.15}{\376\377\000R\000a\000d\000i\000a\000t\000i\000o\000n\000\040\000a\000b\000s\000o\000r\000b\000t\000i\000o\000n}{chapter.3}% 79
\BOOKMARK [1][-]{section.3.16}{\376\377\000C\000h\000a\000n\000n\000e\000l\000\040\000s\000e\000l\000e\000c\000t\000i\000o\000n}{chapter.3}% 80
\BOOKMARK [2][-]{subsection.3.16.1}{\376\377\000C\000o\000m\000m\000o\000n\000\040\000s\000p\000a\000t\000i\000a\000l\000\040\000p\000a\000t\000t\000e\000r\000n\000s\000\040\000m\000e\000t\000h\000o\000d\000s}{section.3.16}% 81
\BOOKMARK [2][-]{subsection.3.16.2}{\376\377\000C\000o\000r\000r\000e\000l\000a\000t\000i\000o\000n\000-\000b\000a\000s\000e\000d\000\040\000m\000e\000t\000h\000o\000d\000s}{section.3.16}% 82
\BOOKMARK [2][-]{subsection.3.16.3}{\376\377\000S\000e\000q\000u\000e\000n\000t\000i\000a\000l\000\040\000B\000a\000s\000e\000d\000\040\000m\000e\000t\000h\000o\000d\000s}{section.3.16}% 83
\BOOKMARK [2][-]{subsection.3.16.4}{\376\377\000B\000i\000n\000a\000r\000y\000\040\000P\000a\000r\000t\000i\000c\000l\000e\000\040\000S\000w\000a\000r\000m\000\040\000O\000p\000t\000i\000m\000i\000z\000a\000t\000i\000o\000n\000\040\000B\000a\000s\000e\000d\000\040\000m\000e\000t\000h\000o\000d\000s}{section.3.16}% 84
\BOOKMARK [2][-]{subsection.3.16.5}{\376\377\000O\000t\000h\000e\000r\000\040\000m\000e\000t\000h\000o\000d\000s}{section.3.16}% 85
\BOOKMARK [0][-]{chapter.4}{\376\377\000M\000a\000t\000e\000r\000i\000a\000l\000s\000\040\000a\000n\000d\000\040\000M\000e\000t\000h\000o\000d\000s}{}% 86
\BOOKMARK [1][-]{section.4.1}{\376\377\000F\000i\000r\000m\000w\000a\000r\000e}{chapter.4}% 87
\BOOKMARK [2][-]{subsection.4.1.1}{\376\377\000S\000h\000i\000f\000t\000\040\000A\000l\000g\000o\000r\000i\000t\000h\000m}{section.4.1}% 88
\BOOKMARK [1][-]{section.4.2}{\376\377\000F\000i\000r\000m\000w\000a\000r\000e\000\040\000I\000m\000p\000l\000e\000m\000e\000n\000t\000a\000t\000i\000o\000n\000:\000\040\000O\000f\000f\000l\000i\000n\000e\000\040\000T\000r\000a\000n\000s\000m\000i\000t\000t\000e\000r}{chapter.4}% 89
\BOOKMARK [1][-]{section.4.3}{\376\377\000F\000i\000r\000m\000w\000a\000r\000e\000\040\000I\000m\000p\000l\000e\000m\000e\000n\000t\000a\000t\000i\000o\000n\000:\000\040\000O\000f\000f\000l\000i\000n\000e\000\040\000R\000e\000c\000e\000i\000v\000e\000r}{chapter.4}% 90
\BOOKMARK [1][-]{section.4.4}{\376\377\000F\000i\000r\000m\000w\000a\000r\000e\000\040\000I\000m\000p\000l\000e\000m\000e\000n\000t\000a\000t\000i\000o\000n\000:\000\040\000O\000n\000l\000i\000n\000e\000\040\000T\000r\000a\000n\000s\000m\000i\000t\000t\000e\000r}{chapter.4}% 91
\BOOKMARK [1][-]{section.4.5}{\376\377\000F\000i\000r\000m\000w\000a\000r\000e\000\040\000I\000m\000p\000l\000e\000m\000e\000n\000t\000a\000t\000i\000o\000n\000:\000\040\000O\000n\000l\000i\000n\000e\000\040\000R\000e\000c\000e\000i\000v\000e\000r}{chapter.4}% 92
\BOOKMARK [2][-]{subsection.4.5.1}{\376\377\000F\000i\000r\000m\000w\000a\000r\000e\000\040\000S\000e\000c\000u\000r\000i\000t\000y\000\040\000I\000m\000p\000l\000e\000m\000e\000n\000t\000a\000t\000i\000o\000n}{section.4.5}% 93
\BOOKMARK [2][-]{subsection.4.5.2}{\376\377\000T\000h\000e\000o\000r\000e\000t\000i\000c\000a\000l\000\040\000t\000h\000r\000o\000u\000g\000h\000p\000u\000t\000\040\000c\000o\000m\000p\000u\000t\000a\000t\000i\000o\000n}{section.4.5}% 94
\BOOKMARK [1][-]{section.4.6}{\376\377\000T\000e\000s\000t\000\040\000P\000r\000o\000c\000e\000d\000u\000r\000e\000s}{chapter.4}% 95
\BOOKMARK [1][-]{section.4.7}{\376\377\000P\000o\000w\000e\000r\000\040\000P\000r\000o\000f\000i\000l\000e\000r\000\040\000T\000e\000s\000t\000s}{chapter.4}% 96
\BOOKMARK [1][-]{section.4.8}{\376\377\000M\000u\000l\000t\000i\000c\000e\000n\000t\000r\000a\000l\000\040\000I\000m\000p\000l\000e\000m\000e\000n\000t\000a\000t\000i\000o\000n}{chapter.4}% 97
\BOOKMARK [1][-]{section.4.9}{\376\377\000R\000e\000c\000e\000i\000v\000e\000r\000\040\000F\000i\000r\000m\000w\000a\000r\000e\000\040\000M\000u\000l\000t\000i\000c\000e\000n\000t\000r\000a\000l}{chapter.4}% 98
\BOOKMARK [1][-]{section.4.10}{\376\377\000T\000r\000a\000n\000s\000m\000i\000t\000t\000e\000r\000\040\000F\000i\000r\000m\000w\000a\000r\000e\000\040\000M\000u\000l\000t\000i\000c\000e\000n\000t\000r\000a\000l}{chapter.4}% 99
\BOOKMARK [1][-]{section.4.11}{\376\377\000C\000o\000m\000m\000a\000n\000d\000\040\000S\000e\000n\000d\000i\000n\000g\000\040\000P\000r\000o\000c\000e\000s\000s}{chapter.4}% 100
\BOOKMARK [2][-]{subsection.4.11.1}{\376\377\000D\000i\000r\000e\000c\000t\000\040\000C\000o\000m\000m\000u\000n\000i\000c\000a\000t\000i\000o\000n\000\040\000b\000e\000t\000w\000e\000e\000n\000\040\000B\000o\000a\000r\000d\000\040\000a\000n\000d\000\040\000W\000i\000n\000d\000o\000w\000s\000\040\000P\000C}{section.4.11}% 101
\BOOKMARK [2][-]{subsection.4.11.2}{\376\377\000O\000f\000f\000l\000i\000n\000e\000\040\000R\000e\000c\000e\000i\000v\000e\000r\000\040\000C\000o\000d\000e}{section.4.11}% 102
\BOOKMARK [2][-]{subsection.4.11.3}{\376\377\000O\000n\000l\000i\000n\000e\000\040\000R\000e\000c\000e\000i\000v\000e\000r\000\040\000C\000o\000d\000e}{section.4.11}% 103
\BOOKMARK [2][-]{subsection.4.11.4}{\376\377\000R\000e\000c\000e\000i\000v\000e\000r\000\040\000C\000o\000d\000e\000\040\000w\000i\000t\000h\000\040\000S\000h\000i\000f\000t}{section.4.11}% 104
\BOOKMARK [2][-]{subsection.4.11.5}{\376\377\000R\000e\000v\000e\000r\000s\000e\000\040\000T\000r\000a\000n\000s\000m\000i\000s\000s\000i\000o\000n}{section.4.11}% 105
\BOOKMARK [2][-]{subsection.4.11.6}{\376\377\000L\000i\000n\000u\000x\000\040\000t\000e\000s\000t\000i\000n\000g\000\040\000e\000n\000v\000i\000r\000o\000n\000m\000e\000n\000t}{section.4.11}% 106
\BOOKMARK [1][-]{section.4.12}{\376\377\000C\000h\000a\000n\000n\000e\000l\000\040\000s\000e\000l\000e\000c\000t\000i\000o\000n}{chapter.4}% 107
\BOOKMARK [2][-]{subsection.4.12.1}{\376\377\000N\000e\000w\000c\000a\000s\000t\000l\000e\000\040\000D\000a\000t\000a\000s\000e\000t}{section.4.12}% 108
\BOOKMARK [2][-]{subsection.4.12.2}{\376\377\000C\000h\000a\000n\000n\000e\000l\000\040\000s\000e\000l\000e\000c\000t\000i\000o\000n\000\040\000a\000l\000g\000o\000r\000i\000t\000h\000m\000s}{section.4.12}% 109
\BOOKMARK [0][-]{chapter.5}{\376\377\000R\000e\000s\000u\000l\000t\000s}{}% 110
\BOOKMARK [0][-]{chapter*.180}{\376\377\000B\000i\000b\000l\000i\000o\000g\000r\000a\000p\000h\000y}{}% 111
\BOOKMARK [0][-]{appendix.A}{\376\377\000A\000p\000p\000e\000n\000d\000i\000x\000\040\000A}{}% 112
\BOOKMARK [0][-]{appendix.B}{\376\377\000A\000p\000p\000e\000n\000d\000i\000x\000\040\000B}{}% 113
\BOOKMARK [0][-]{appendix*.184}{\376\377\000L\000i\000s\000t\000\040\000o\000f\000\040\000F\000i\000g\000u\000r\000e\000s}{}% 114
\BOOKMARK [0][-]{appendix*.186}{\376\377\000L\000i\000s\000t\000\040\000o\000f\000\040\000T\000a\000b\000l\000e\000s}{}% 115
\BOOKMARK [0][-]{appendix*.188}{\376\377\000L\000i\000s\000t\000\040\000o\000f\000\040\000S\000y\000m\000b\000o\000l\000s}{}% 116
\BOOKMARK [0][-]{appendix*.191}{\376\377\000A\000c\000k\000n\000o\000w\000l\000e\000d\000g\000e\000m\000e\000n\000t\000s}{}% 117
